Using pre-set license
Built from '2021.2/staging' branch; Version is '2021.2.7f1 (6bd9e232123f) revision 7068130'; Using compiler version '192829333'; Build Type 'Release'
OS: 'Windows 10  (10.0.19044) 64bit Core' Language: 'ko' Physical Memory: 7883 MB
BatchMode: 1, IsHumanControllingUs: 0, StartBugReporterOnCrash: 0, Is64bit: 1, IsPro: 0

COMMAND LINE ARGUMENTS:
C:\Program Files\Unity\Hub\Editor\2021.2.7f1\Editor\Unity.exe
-adb2
-batchMode
-noUpm
-name
AssetImportWorker5
-projectPath
C:/Users/yoyof/Documents/2021-Winter-Project/Mole Hunter
-logFile
Logs/AssetImportWorker5.log
-srvPort
65309
Successfully changed project path to: C:/Users/yoyof/Documents/2021-Winter-Project/Mole Hunter
C:/Users/yoyof/Documents/2021-Winter-Project/Mole Hunter
[UnityMemory] Configuration Parameters - Can be set up in boot.config
    "memorysetup-bucket-allocator-granularity=16"
    "memorysetup-bucket-allocator-bucket-count=8"
    "memorysetup-bucket-allocator-block-size=33554432"
    "memorysetup-bucket-allocator-block-count=8"
    "memorysetup-main-allocator-block-size=16777216"
    "memorysetup-thread-allocator-block-size=16777216"
    "memorysetup-gfx-main-allocator-block-size=16777216"
    "memorysetup-gfx-thread-allocator-block-size=16777216"
    "memorysetup-cache-allocator-block-size=4194304"
    "memorysetup-typetree-allocator-block-size=2097152"
    "memorysetup-profiler-bucket-allocator-granularity=16"
    "memorysetup-profiler-bucket-allocator-bucket-count=8"
    "memorysetup-profiler-bucket-allocator-block-size=33554432"
    "memorysetup-profiler-bucket-allocator-block-count=8"
    "memorysetup-profiler-allocator-block-size=16777216"
    "memorysetup-profiler-editor-allocator-block-size=1048576"
    "memorysetup-temp-allocator-size-main=16777216"
    "memorysetup-job-temp-allocator-block-size=2097152"
    "memorysetup-job-temp-allocator-block-size-background=1048576"
    "memorysetup-job-temp-allocator-reduction-small-platforms=262144"
    "memorysetup-temp-allocator-size-background-worker=32768"
    "memorysetup-temp-allocator-size-job-worker=262144"
    "memorysetup-temp-allocator-size-preload-manager=33554432"
    "memorysetup-temp-allocator-size-nav-mesh-worker=65536"
    "memorysetup-temp-allocator-size-audio-worker=65536"
    "memorysetup-temp-allocator-size-cloud-worker=32768"
    "memorysetup-temp-allocator-size-gi-baking-worker=262144"
    "memorysetup-temp-allocator-size-gfx=262144"
Refreshing native plugins compatible for Editor in 198.13 ms, found 3 plugins.
Preloading 0 native plugins for Editor in 0.00 ms.
Initialize engine version: 2021.2.7f1 (6bd9e232123f)
[Subsystems] Discovering subsystems at path C:/Program Files/Unity/Hub/Editor/2021.2.7f1/Editor/Data/Resources/UnitySubsystems
[Subsystems] Discovering subsystems at path C:/Users/yoyof/Documents/2021-Winter-Project/Mole Hunter/Assets
GfxDevice: creating device client; threaded=0; jobified=0
Direct3D:
    Version:  Direct3D 11.0 [level 11.1]
    Renderer: Intel(R) Iris(R) Xe Graphics (ID=0x9a49)
    Vendor:   Intel
    VRAM:     3941 MB
    Driver:   30.0.100.9929
Initialize mono
Mono path[0] = 'C:/Program Files/Unity/Hub/Editor/2021.2.7f1/Editor/Data/Managed'
Mono path[1] = 'C:/Program Files/Unity/Hub/Editor/2021.2.7f1/Editor/Data/MonoBleedingEdge/lib/mono/unityjit-win32'
Mono config path = 'C:/Program Files/Unity/Hub/Editor/2021.2.7f1/Editor/Data/MonoBleedingEdge/etc'
Using monoOptions --debugger-agent=transport=dt_socket,embedding=1,server=y,suspend=n,address=127.0.0.1:56888
Begin MonoManager ReloadAssembly
Registering precompiled unity dll's ...
Register platform support module: C:/Program Files/Unity/Hub/Editor/2021.2.7f1/Editor/Data/PlaybackEngines/WindowsStandaloneSupport/UnityEditor.WindowsStandalone.Extensions.dll
Registered in 0.014610 seconds.
Native extension for WindowsStandalone target not found
Refreshing native plugins compatible for Editor in 175.32 ms, found 3 plugins.
Preloading 0 native plugins for Editor in 0.00 ms.
Mono: successfully reloaded assembly
- Completed reload, in  1.339 seconds
Domain Reload Profiling:
	ReloadAssembly (1340ms)
		BeginReloadAssembly (131ms)
			ExecutionOrderSort (0ms)
			DisableScriptedObjects (0ms)
			BackupInstance (0ms)
			ReleaseScriptingObjects (0ms)
			CreateAndSetChildDomain (1ms)
		EndReloadAssembly (1038ms)
			LoadAssemblies (127ms)
			RebuildTransferFunctionScriptingTraits (0ms)
			SetupTypeCache (286ms)
			ReleaseScriptCaches (0ms)
			RebuildScriptCaches (49ms)
			SetupLoadedEditorAssemblies (552ms)
				LogAssemblyErrors (0ms)
				InitializePlatformSupportModulesInManaged (28ms)
				SetLoadedEditorAssemblies (0ms)
				RefreshPlugins (175ms)
				BeforeProcessingInitializeOnLoad (2ms)
				ProcessInitializeOnLoadAttributes (252ms)
				ProcessInitializeOnLoadMethodAttributes (95ms)
				AfterProcessingInitializeOnLoad (0ms)
				EditorAssembliesLoaded (0ms)
			ExecutionOrderSort2 (0ms)
			AwakeInstancesAfterBackupRestoration (0ms)
Platform modules already initialized, skipping
Registering precompiled user dll's ...
Registered in 0.031961 seconds.
Begin MonoManager ReloadAssembly
Symbol file LoadedFromMemory doesn't match image C:\Users\yoyof\Documents\2021-Winter-Project\Mole Hunter\Library\PackageCache\com.unity.visualscripting@1.7.6\Editor\VisualScripting.Core\Dependencies\YamlDotNet\Unity.VisualScripting.YamlDotNet.dll
Symbol file LoadedFromMemory doesn't match image C:\Users\yoyof\Documents\2021-Winter-Project\Mole Hunter\Library\PackageCache\com.unity.visualscripting@1.7.6\Editor\VisualScripting.Core\Dependencies\DotNetZip\Unity.VisualScripting.IonicZip.dll
Native extension for WindowsStandalone target not found
Refreshing native plugins compatible for Editor in 1.54 ms, found 3 plugins.
Preloading 0 native plugins for Editor in 0.00 ms.
Mono: successfully reloaded assembly
- Completed reload, in  3.624 seconds
Domain Reload Profiling:
	ReloadAssembly (3625ms)
		BeginReloadAssembly (198ms)
			ExecutionOrderSort (0ms)
			DisableScriptedObjects (14ms)
			BackupInstance (0ms)
			ReleaseScriptingObjects (0ms)
			CreateAndSetChildDomain (33ms)
		EndReloadAssembly (3220ms)
			LoadAssemblies (218ms)
			RebuildTransferFunctionScriptingTraits (0ms)
			SetupTypeCache (495ms)
			ReleaseScriptCaches (1ms)
			RebuildScriptCaches (102ms)
			SetupLoadedEditorAssemblies (2315ms)
				LogAssemblyErrors (0ms)
				InitializePlatformSupportModulesInManaged (31ms)
				SetLoadedEditorAssemblies (1ms)
				RefreshPlugins (2ms)
				BeforeProcessingInitializeOnLoad (178ms)
				ProcessInitializeOnLoadAttributes (481ms)
				ProcessInitializeOnLoadMethodAttributes (1606ms)
				AfterProcessingInitializeOnLoad (15ms)
				EditorAssembliesLoaded (0ms)
			ExecutionOrderSort2 (0ms)
			AwakeInstancesAfterBackupRestoration (10ms)
Platform modules already initialized, skipping
========================================================================
Worker process is ready to serve import requests
Launched and connected shader compiler UnityShaderCompiler.exe after 0.16 seconds
Refreshing native plugins compatible for Editor in 0.84 ms, found 3 plugins.
Preloading 0 native plugins for Editor in 0.00 ms.
Unloading 3338 Unused Serialized files (Serialized files now loaded: 0)
Unloading 31 unused Assets / (112.6 KB). Loaded Objects now: 3804.
Memory consumption went from 129.7 MB to 129.6 MB.
Total: 6.787700 ms (FindLiveObjects: 0.501400 ms CreateObjectMapping: 0.268900 ms MarkObjects: 5.770900 ms  DeleteObjects: 0.243700 ms)

AssetImportParameters requested are different than current active one (requested -> active):
  custom:video-decoder-ogg-theora: a1e56fd34408186e4bbccfd4996cb3dc -> 
  custom:container-muxer-webm: aa71ff27fc2769a1b78a27578f13a17b -> 
  custom:container-demuxer-webm: 4f35f7cbe854078d1ac9338744f61a02 -> 
  custom:video-encoder-webm-vp8: eb34c28f22e8b96e1ab97ce403110664 -> 
  custom:video-codec-MediaFoundation-h265: e54d7ab0439102e2317fc1e4b246158d -> 
  custom:audio-encoder-webm-vorbis: bf7c407c2cedff20999df2af8eb42d56 -> 
  custom:framework-win-MediaFoundation: 216162199b28c13a410421893ffa2e32 -> 
  custom:container-demuxer-ogg: 62fdf1f143b41e24485cea50d1cbac27 -> 
  custom:video-decoder-webm-vp8: 9c59270c3fd7afecdb556c50c9e8de78 -> 
  custom:audio-decoder-ogg-vorbis: bf7c407c2cedff20999df2af8eb42d56 -> 
========================================================================
Received Import Request.
  Time since last request: 343643.031140 seconds.
  path: Assets/New Terrain.asset
  artifactKey: Guid(669a2795fc9a67c4d993ee658e5d91b0) Importer(815301076,1909f56bfc062723c751e8b465ee728b)
Start importing Assets/New Terrain.asset using Guid(669a2795fc9a67c4d993ee658e5d91b0) Importer(815301076,1909f56bfc062723c751e8b465ee728b)  -> (artifact id: '3025bb48b9eed2f63cc59e56c5740a52') in 0.094635 seconds 
========================================================================
Received Import Request.
  Time since last request: 142.178093 seconds.
  path: Assets/Photon Unity Networking/Demos/DemoRockPaperScissors/Assets/BgCanvas.png
  artifactKey: Guid(03db1a73f7e7c9f4bb5d1580261ddeb3) Importer(815301076,1909f56bfc062723c751e8b465ee728b)
Start importing Assets/Photon Unity Networking/Demos/DemoRockPaperScissors/Assets/BgCanvas.png using Guid(03db1a73f7e7c9f4bb5d1580261ddeb3) Importer(815301076,1909f56bfc062723c751e8b465ee728b)  -> (artifact id: '642d85aad8a1c9c8b59cab3678c3b01d') in 1.173576 seconds 
========================================================================
Received Import Request.
  Time since last request: 0.000280 seconds.
  path: Assets/AddOns/Mg3D_TilingTextures/Textures/Brick_Red_Diffuse.tga
  artifactKey: Guid(10d5508dae7fb99449a936fcd48b8c56) Importer(815301076,1909f56bfc062723c751e8b465ee728b)
Start importing Assets/AddOns/Mg3D_TilingTextures/Textures/Brick_Red_Diffuse.tga using Guid(10d5508dae7fb99449a936fcd48b8c56) Importer(815301076,1909f56bfc062723c751e8b465ee728b)  -> (artifact id: '136625bb0e5a96b283d660c1344086f0') in 0.519079 seconds 
========================================================================
Received Import Request.
  Time since last request: 0.000054 seconds.
  path: Assets/AddOns/Mg3D_TilingTextures/Textures/Brick_Old_MetallicMap.tga
  artifactKey: Guid(314dfa61db4c36245afc16327c155786) Importer(815301076,1909f56bfc062723c751e8b465ee728b)
Start importing Assets/AddOns/Mg3D_TilingTextures/Textures/Brick_Old_MetallicMap.tga using Guid(314dfa61db4c36245afc16327c155786) Importer(815301076,1909f56bfc062723c751e8b465ee728b)  -> (artifact id: '7b4c08986012fa33137af09bdb8a4af6') in 0.080082 seconds 
========================================================================
Received Import Request.
  Time since last request: 0.000047 seconds.
  path: Assets/AddOns/Mg3D_TilingTextures/Textures/Brick_Red_Normal.tga
  artifactKey: Guid(1b0c44c1e8fb49b48925f9bce7bcdd01) Importer(815301076,1909f56bfc062723c751e8b465ee728b)
Start importing Assets/AddOns/Mg3D_TilingTextures/Textures/Brick_Red_Normal.tga using Guid(1b0c44c1e8fb49b48925f9bce7bcdd01) Importer(815301076,1909f56bfc062723c751e8b465ee728b)  -> (artifact id: 'd539720ce5562118096660fe0a78c67a') in 2.121842 seconds 
========================================================================
Received Import Request.
  Time since last request: 6.067061 seconds.
  path: Assets/AddOns/Mg3D_TilingTextures/Textures/Concrete_New_Normal.tga
  artifactKey: Guid(9ff5dd9ff322006489fa7f0344fa6e42) Importer(815301076,1909f56bfc062723c751e8b465ee728b)
Start importing Assets/AddOns/Mg3D_TilingTextures/Textures/Concrete_New_Normal.tga using Guid(9ff5dd9ff322006489fa7f0344fa6e42) Importer(815301076,1909f56bfc062723c751e8b465ee728b)  -> (artifact id: 'f71b1f52fca0151a6b167b418bd6283a') in 0.346438 seconds 
========================================================================
Received Import Request.
  Time since last request: 35.561363 seconds.
  path: Assets/AddOns/Mg3D_TilingTextures/Textures/Dirt_Desert_MetallicMap.tga
  artifactKey: Guid(a8a580220db791b4a87acc12ddb3f5fe) Importer(815301076,1909f56bfc062723c751e8b465ee728b)
Start importing Assets/AddOns/Mg3D_TilingTextures/Textures/Dirt_Desert_MetallicMap.tga using Guid(a8a580220db791b4a87acc12ddb3f5fe) Importer(815301076,1909f56bfc062723c751e8b465ee728b)  -> (artifact id: 'ba6823361cfbf6f7075e8ba154602dc2') in 0.048518 seconds 
========================================================================
Received Import Request.
  Time since last request: 0.952229 seconds.
  path: Assets/AddOns/Mg3D_TilingTextures/Textures/Grass_MetallicMap.tga
  artifactKey: Guid(d09eeae0e989bd441893b9c644b2ba27) Importer(815301076,1909f56bfc062723c751e8b465ee728b)
Start importing Assets/AddOns/Mg3D_TilingTextures/Textures/Grass_MetallicMap.tga using Guid(d09eeae0e989bd441893b9c644b2ba27) Importer(815301076,1909f56bfc062723c751e8b465ee728b)  -> (artifact id: '26d43bd6465f1647f56c31088906ad04') in 0.040747 seconds 
========================================================================
Received Import Request.
  Time since last request: 0.000028 seconds.
  path: Assets/Photon Unity Networking/Demos/DemoRockPaperScissors/Assets/IconAgain.png
  artifactKey: Guid(a6e8dc287cf5072478409ca9df35bba6) Importer(815301076,1909f56bfc062723c751e8b465ee728b)
Start importing Assets/Photon Unity Networking/Demos/DemoRockPaperScissors/Assets/IconAgain.png using Guid(a6e8dc287cf5072478409ca9df35bba6) Importer(815301076,1909f56bfc062723c751e8b465ee728b)  -> (artifact id: 'ddbaa0435493bdff93489ea792131a9d') in 0.152972 seconds 
========================================================================
Received Import Request.
  Time since last request: 0.000034 seconds.
  path: Assets/AddOns/Mg3D_TilingTextures/Textures/Grass_Normal.tga
  artifactKey: Guid(df6a6d29b8209e14688da029a930489a) Importer(815301076,1909f56bfc062723c751e8b465ee728b)
Start importing Assets/AddOns/Mg3D_TilingTextures/Textures/Grass_Normal.tga using Guid(df6a6d29b8209e14688da029a930489a) Importer(815301076,1909f56bfc062723c751e8b465ee728b)  -> (artifact id: 'f2d52df2f25d936e06717b8569552a32') in 0.043032 seconds 
========================================================================
Received Import Request.
  Time since last request: 14.926125 seconds.
  path: Assets/AddOns/Mg3D_TilingTextures/Textures/WoodPlanks_MetallicMap.tga
  artifactKey: Guid(3bbf10552127ea04692f0b499d4b98b1) Importer(815301076,1909f56bfc062723c751e8b465ee728b)
Start importing Assets/AddOns/Mg3D_TilingTextures/Textures/WoodPlanks_MetallicMap.tga using Guid(3bbf10552127ea04692f0b499d4b98b1) Importer(815301076,1909f56bfc062723c751e8b465ee728b)  -> (artifact id: 'fd28c4ebd81f3812b0beac198fca6a30') in 0.051359 seconds 
Editor requested this worker to shutdown with reason: Scaling down because of idle timeout
AssetImportWorker is now disconnected from the server
Process exiting
Exiting without the bug reporter. Application will terminate with return code 0