Using pre-set license
Built from '2021.2/staging' branch; Version is '2021.2.7f1 (6bd9e232123f) revision 7068130'; Using compiler version '192829333'; Build Type 'Release'
OS: 'Windows 10  (10.0.19044) 64bit Professional' Language: 'ko' Physical Memory: 16333 MB
BatchMode: 1, IsHumanControllingUs: 0, StartBugReporterOnCrash: 0, Is64bit: 1, IsPro: 0

COMMAND LINE ARGUMENTS:
C:\Program Files\2021.2.7f1\Editor\Unity.exe
-adb2
-batchMode
-noUpm
-name
AssetImportWorker0
-projectPath
D:/yoyof/Documents/Git/2021-Winter-Project/Mole Hunter
-logFile
Logs/AssetImportWorker0.log
-srvPort
52453
Successfully changed project path to: D:/yoyof/Documents/Git/2021-Winter-Project/Mole Hunter
D:/yoyof/Documents/Git/2021-Winter-Project/Mole Hunter
[UnityMemory] Configuration Parameters - Can be set up in boot.config
    "memorysetup-bucket-allocator-granularity=16"
    "memorysetup-bucket-allocator-bucket-count=8"
    "memorysetup-bucket-allocator-block-size=33554432"
    "memorysetup-bucket-allocator-block-count=8"
    "memorysetup-main-allocator-block-size=16777216"
    "memorysetup-thread-allocator-block-size=16777216"
    "memorysetup-gfx-main-allocator-block-size=16777216"
    "memorysetup-gfx-thread-allocator-block-size=16777216"
    "memorysetup-cache-allocator-block-size=4194304"
    "memorysetup-typetree-allocator-block-size=2097152"
    "memorysetup-profiler-bucket-allocator-granularity=16"
    "memorysetup-profiler-bucket-allocator-bucket-count=8"
    "memorysetup-profiler-bucket-allocator-block-size=33554432"
    "memorysetup-profiler-bucket-allocator-block-count=8"
    "memorysetup-profiler-allocator-block-size=16777216"
    "memorysetup-profiler-editor-allocator-block-size=1048576"
    "memorysetup-temp-allocator-size-main=16777216"
    "memorysetup-job-temp-allocator-block-size=2097152"
    "memorysetup-job-temp-allocator-block-size-background=1048576"
    "memorysetup-job-temp-allocator-reduction-small-platforms=262144"
    "memorysetup-temp-allocator-size-background-worker=32768"
    "memorysetup-temp-allocator-size-job-worker=262144"
    "memorysetup-temp-allocator-size-preload-manager=33554432"
    "memorysetup-temp-allocator-size-nav-mesh-worker=65536"
    "memorysetup-temp-allocator-size-audio-worker=65536"
    "memorysetup-temp-allocator-size-cloud-worker=32768"
    "memorysetup-temp-allocator-size-gi-baking-worker=262144"
    "memorysetup-temp-allocator-size-gfx=262144"
Refreshing native plugins compatible for Editor in 125.29 ms, found 3 plugins.
Preloading 0 native plugins for Editor in 0.00 ms.
Initialize engine version: 2021.2.7f1 (6bd9e232123f)
[Subsystems] Discovering subsystems at path C:/Program Files/2021.2.7f1/Editor/Data/Resources/UnitySubsystems
[Subsystems] Discovering subsystems at path D:/yoyof/Documents/Git/2021-Winter-Project/Mole Hunter/Assets
GfxDevice: creating device client; threaded=0; jobified=0
Direct3D:
    Version:  Direct3D 11.0 [level 11.1]
    Renderer: NVIDIA GeForce GTX 1660 SUPER (ID=0x21c4)
    Vendor:   NVIDIA
    VRAM:     5991 MB
    Driver:   27.21.14.6192
Initialize mono
Mono path[0] = 'C:/Program Files/2021.2.7f1/Editor/Data/Managed'
Mono path[1] = 'C:/Program Files/2021.2.7f1/Editor/Data/MonoBleedingEdge/lib/mono/unityjit-win32'
Mono config path = 'C:/Program Files/2021.2.7f1/Editor/Data/MonoBleedingEdge/etc'
Using monoOptions --debugger-agent=transport=dt_socket,embedding=1,server=y,suspend=n,address=127.0.0.1:56332
Begin MonoManager ReloadAssembly
Registering precompiled unity dll's ...
Register platform support module: C:/Program Files/2021.2.7f1/Editor/Data/PlaybackEngines/WebGLSupport/UnityEditor.WebGL.Extensions.dll
Register platform support module: C:/Program Files/2021.2.7f1/Editor/Data/PlaybackEngines/WindowsStandaloneSupport/UnityEditor.WindowsStandalone.Extensions.dll
Registered in 0.014589 seconds.
Native extension for WindowsStandalone target not found
Native extension for WebGL target not found
Refreshing native plugins compatible for Editor in 118.38 ms, found 3 plugins.
Preloading 0 native plugins for Editor in 0.00 ms.
Mono: successfully reloaded assembly
- Completed reload, in  0.963 seconds
Domain Reload Profiling:
	ReloadAssembly (965ms)
		BeginReloadAssembly (118ms)
			ExecutionOrderSort (0ms)
			DisableScriptedObjects (0ms)
			BackupInstance (0ms)
			ReleaseScriptingObjects (0ms)
			CreateAndSetChildDomain (1ms)
		EndReloadAssembly (691ms)
			LoadAssemblies (113ms)
			RebuildTransferFunctionScriptingTraits (0ms)
			SetupTypeCache (157ms)
			ReleaseScriptCaches (0ms)
			RebuildScriptCaches (42ms)
			SetupLoadedEditorAssemblies (407ms)
				LogAssemblyErrors (0ms)
				InitializePlatformSupportModulesInManaged (29ms)
				SetLoadedEditorAssemblies (0ms)
				RefreshPlugins (119ms)
				BeforeProcessingInitializeOnLoad (2ms)
				ProcessInitializeOnLoadAttributes (186ms)
				ProcessInitializeOnLoadMethodAttributes (71ms)
				AfterProcessingInitializeOnLoad (0ms)
				EditorAssembliesLoaded (0ms)
			ExecutionOrderSort2 (0ms)
			AwakeInstancesAfterBackupRestoration (0ms)
Platform modules already initialized, skipping
Registering precompiled user dll's ...
Registered in 0.033983 seconds.
Begin MonoManager ReloadAssembly
Symbol file LoadedFromMemory doesn't match image D:\yoyof\Documents\Git\2021-Winter-Project\Mole Hunter\Library\PackageCache\com.unity.visualscripting@1.7.6\Editor\VisualScripting.Core\Dependencies\YamlDotNet\Unity.VisualScripting.YamlDotNet.dll
Symbol file LoadedFromMemory doesn't match image D:\yoyof\Documents\Git\2021-Winter-Project\Mole Hunter\Library\PackageCache\com.unity.visualscripting@1.7.6\Editor\VisualScripting.Core\Dependencies\DotNetZip\Unity.VisualScripting.IonicZip.dll
Native extension for WindowsStandalone target not found
Native extension for WebGL target not found
Refreshing native plugins compatible for Editor in 0.74 ms, found 3 plugins.
Preloading 0 native plugins for Editor in 0.00 ms.
Mono: successfully reloaded assembly
- Completed reload, in  1.449 seconds
Domain Reload Profiling:
	ReloadAssembly (1450ms)
		BeginReloadAssembly (162ms)
			ExecutionOrderSort (0ms)
			DisableScriptedObjects (8ms)
			BackupInstance (0ms)
			ReleaseScriptingObjects (0ms)
			CreateAndSetChildDomain (25ms)
		EndReloadAssembly (1135ms)
			LoadAssemblies (144ms)
			RebuildTransferFunctionScriptingTraits (0ms)
			SetupTypeCache (350ms)
			ReleaseScriptCaches (1ms)
			RebuildScriptCaches (69ms)
			SetupLoadedEditorAssemblies (522ms)
				LogAssemblyErrors (0ms)
				InitializePlatformSupportModulesInManaged (18ms)
				SetLoadedEditorAssemblies (1ms)
				RefreshPlugins (1ms)
				BeforeProcessingInitializeOnLoad (142ms)
				ProcessInitializeOnLoadAttributes (314ms)
				ProcessInitializeOnLoadMethodAttributes (29ms)
				AfterProcessingInitializeOnLoad (17ms)
				EditorAssembliesLoaded (0ms)
			ExecutionOrderSort2 (0ms)
			AwakeInstancesAfterBackupRestoration (7ms)
Platform modules already initialized, skipping
========================================================================
Worker process is ready to serve import requests
Launched and connected shader compiler UnityShaderCompiler.exe after 0.08 seconds
Refreshing native plugins compatible for Editor in 1.79 ms, found 3 plugins.
Preloading 0 native plugins for Editor in 0.00 ms.
Unloading 3351 Unused Serialized files (Serialized files now loaded: 0)
Unloading 31 unused Assets / (112.9 KB). Loaded Objects now: 3820.
Memory consumption went from 135.2 MB to 135.1 MB.
Total: 5.144600 ms (FindLiveObjects: 0.633800 ms CreateObjectMapping: 0.200300 ms MarkObjects: 4.142400 ms  DeleteObjects: 0.166200 ms)

AssetImportParameters requested are different than current active one (requested -> active):
  custom:video-decoder-ogg-theora: a1e56fd34408186e4bbccfd4996cb3dc -> 
  custom:container-muxer-webm: aa71ff27fc2769a1b78a27578f13a17b -> 
  custom:container-demuxer-webm: 4f35f7cbe854078d1ac9338744f61a02 -> 
  custom:video-encoder-webm-vp8: eb34c28f22e8b96e1ab97ce403110664 -> 
  custom:video-codec-MediaFoundation-h265: e54d7ab0439102e2317fc1e4b246158d -> 
  custom:audio-encoder-webm-vorbis: bf7c407c2cedff20999df2af8eb42d56 -> 
  custom:framework-win-MediaFoundation: 216162199b28c13a410421893ffa2e32 -> 
  custom:container-demuxer-ogg: 62fdf1f143b41e24485cea50d1cbac27 -> 
  custom:video-decoder-webm-vp8: 9c59270c3fd7afecdb556c50c9e8de78 -> 
  custom:audio-decoder-ogg-vorbis: bf7c407c2cedff20999df2af8eb42d56 -> 
========================================================================
Received Import Request.
  Time since last request: 221565.637360 seconds.
  path: Assets/Addons/Photon Unity Networking/readme.txt
  artifactKey: Guid(d90864ccbf99d4a449c87472b0a181e8) Importer(815301076,1909f56bfc062723c751e8b465ee728b)
Start importing Assets/Addons/Photon Unity Networking/readme.txt using Guid(d90864ccbf99d4a449c87472b0a181e8) Importer(815301076,1909f56bfc062723c751e8b465ee728b)  -> (artifact id: '5e5b477f70490ed91cad4049c2ab33a9') in 0.065792 seconds 
========================================================================
Received Import Request.
  Time since last request: 84.031846 seconds.
  path: Assets/Addons/Photon Unity Networking/Demos/MarcoPolo-Tutorial/Monstergame/Resources/textures/oudemanoogcolor_1.png
  artifactKey: Guid(4560358f08b2be84faf7909c817c6bdd) Importer(-1,00000000000000000000000000000000)
Start importing Assets/Addons/Photon Unity Networking/Demos/MarcoPolo-Tutorial/Monstergame/Resources/textures/oudemanoogcolor_1.png using Guid(4560358f08b2be84faf7909c817c6bdd) Importer(-1,00000000000000000000000000000000)  -> (artifact id: '42ddb572fa70fb9c5b79d6dbbf418e0c') in 0.124504 seconds 
========================================================================
Received Import Request.
  Time since last request: 0.000066 seconds.
  path: Assets/Addons/Photon Unity Networking/Demos/Shared Assets/Skin/BoxText.png
  artifactKey: Guid(761ff1491b1f86c4d924261c553ac9cc) Importer(-1,00000000000000000000000000000000)
Start importing Assets/Addons/Photon Unity Networking/Demos/Shared Assets/Skin/BoxText.png using Guid(761ff1491b1f86c4d924261c553ac9cc) Importer(-1,00000000000000000000000000000000)  -> (artifact id: '38c883cbb824d1f619e52456f388827f') in 0.016913 seconds 
========================================================================
Received Import Request.
  Time since last request: 0.000075 seconds.
  path: Assets/Addons/Photon Unity Networking/Demos/Shared Assets/Textures/UnitTextureBlue.png
  artifactKey: Guid(bf44fd0b5bb0c4142b16ba9db02789fc) Importer(-1,00000000000000000000000000000000)
Start importing Assets/Addons/Photon Unity Networking/Demos/Shared Assets/Textures/UnitTextureBlue.png using Guid(bf44fd0b5bb0c4142b16ba9db02789fc) Importer(-1,00000000000000000000000000000000)  -> (artifact id: '1eea54b82470cace4a3de60e8844b6d6') in 0.022939 seconds 
========================================================================
Received Import Request.
  Time since last request: 0.000042 seconds.
  path: Assets/Addons/Photon Unity Networking/Demos/Shared Assets/Skin/BoxOrangeRed.png
  artifactKey: Guid(72708a25103c3fe4f9074f7296e86b7a) Importer(-1,00000000000000000000000000000000)
Start importing Assets/Addons/Photon Unity Networking/Demos/Shared Assets/Skin/BoxOrangeRed.png using Guid(72708a25103c3fe4f9074f7296e86b7a) Importer(-1,00000000000000000000000000000000)  -> (artifact id: '068683fde4a84575eefbf3ba799d79c3') in 0.018458 seconds 
========================================================================
Received Import Request.
  Time since last request: 0.000028 seconds.
  path: Assets/Addons/Photon Unity Networking/Demos/Shared Assets/Textures/UnitTextureRed.png
  artifactKey: Guid(9349ff1a2d6d7804486fef5d7c3a67de) Importer(-1,00000000000000000000000000000000)
Start importing Assets/Addons/Photon Unity Networking/Demos/Shared Assets/Textures/UnitTextureRed.png using Guid(9349ff1a2d6d7804486fef5d7c3a67de) Importer(-1,00000000000000000000000000000000)  -> (artifact id: '76118dd873ff3d8c625445917f4af71d') in 0.035751 seconds 
========================================================================
Received Import Request.
  Time since last request: 0.000034 seconds.
  path: Assets/Addons/Photon Unity Networking/Demos/Shared Assets/Textures/Gradient.png
  artifactKey: Guid(4ca1824a2e144f043b9eb7d6e3777659) Importer(-1,00000000000000000000000000000000)
Start importing Assets/Addons/Photon Unity Networking/Demos/Shared Assets/Textures/Gradient.png using Guid(4ca1824a2e144f043b9eb7d6e3777659) Importer(-1,00000000000000000000000000000000)  -> (artifact id: 'd7cef2fa2dae35633e31f4e0ed675f8f') in 0.032735 seconds 
========================================================================
Received Import Request.
  Time since last request: 0.000056 seconds.
  path: Assets/Addons/Photon Unity Networking/Demos/MarcoPolo-Tutorial/Monstergame/Resources/textures/muktarnormalhighq_1.png
  artifactKey: Guid(8f3b8af169a9a814698111fd64643579) Importer(-1,00000000000000000000000000000000)
Start importing Assets/Addons/Photon Unity Networking/Demos/MarcoPolo-Tutorial/Monstergame/Resources/textures/muktarnormalhighq_1.png using Guid(8f3b8af169a9a814698111fd64643579) Importer(-1,00000000000000000000000000000000)  -> (artifact id: '04a71d9264ca5695730df0fb88846bf6') in 0.166902 seconds 
========================================================================
Received Import Request.
  Time since last request: 0.000038 seconds.
  path: Assets/Addons/Photon Unity Networking/Demos/Shared Assets/Skin/ToggleOnHover.png
  artifactKey: Guid(e10a16d9e8c6b844db2d3c1c5e4f231e) Importer(-1,00000000000000000000000000000000)
Start importing Assets/Addons/Photon Unity Networking/Demos/Shared Assets/Skin/ToggleOnHover.png using Guid(e10a16d9e8c6b844db2d3c1c5e4f231e) Importer(-1,00000000000000000000000000000000)  -> (artifact id: 'e2f9a85f6dce1cdc4bd3408d38557737') in 0.017975 seconds 
========================================================================
Received Import Request.
  Time since last request: 0.000044 seconds.
  path: Assets/Addons/Photon Unity Networking/Demos/Shared Assets/Textures/Robot_Color.png
  artifactKey: Guid(1fbb41709a1d9334696860db720026e5) Importer(-1,00000000000000000000000000000000)
Start importing Assets/Addons/Photon Unity Networking/Demos/Shared Assets/Textures/Robot_Color.png using Guid(1fbb41709a1d9334696860db720026e5) Importer(-1,00000000000000000000000000000000)  -> (artifact id: '01ba1ded7a1731c496ab9406e3e729e2') in 0.198853 seconds 
========================================================================
Received Import Request.
  Time since last request: 0.000042 seconds.
  path: Assets/Addons/Photon Unity Networking/Demos/Shared Assets/Skin/BoxTextHover.png
  artifactKey: Guid(13154691f37c1884c865b54d8bd29d6e) Importer(-1,00000000000000000000000000000000)
Start importing Assets/Addons/Photon Unity Networking/Demos/Shared Assets/Skin/BoxTextHover.png using Guid(13154691f37c1884c865b54d8bd29d6e) Importer(-1,00000000000000000000000000000000)  -> (artifact id: '7fddd0c47bf0150c05297680ad3f64d5') in 0.018112 seconds 
========================================================================
Received Import Request.
  Time since last request: 0.000040 seconds.
  path: Assets/Addons/Photon Unity Networking/Demos/Shared Assets/Skin/BoxBright.png
  artifactKey: Guid(ab6d288fac925ae48bbeb5e02d83dce3) Importer(-1,00000000000000000000000000000000)
Start importing Assets/Addons/Photon Unity Networking/Demos/Shared Assets/Skin/BoxBright.png using Guid(ab6d288fac925ae48bbeb5e02d83dce3) Importer(-1,00000000000000000000000000000000)  -> (artifact id: 'dc65782ab6a240462eb10b0d7fe5dd26') in 0.034570 seconds 
========================================================================
Received Import Request.
  Time since last request: 0.454921 seconds.
  path: Assets/Addons/Photon Unity Networking/Demos/Shared Assets/Animations/RapidStrafe_Left.fbx
  artifactKey: Guid(08257633e3910e54a8cc5e8ed9cc9afe) Importer(-1,00000000000000000000000000000000)
Start importing Assets/Addons/Photon Unity Networking/Demos/Shared Assets/Animations/RapidStrafe_Left.fbx using Guid(08257633e3910e54a8cc5e8ed9cc9afe) Importer(-1,00000000000000000000000000000000) Keyframe reduction: Ratio: 44.088978%;
File 'RapidStrafe_Left' has rig import warnings. See Import Messages in Rig Import Tab for more details.
 -> (artifact id: '9fca9c8dce45726c6e4448d5b428ede3') in 0.246203 seconds 
  ERROR: Import of 'Assets/Addons/Photon Unity Networking/Demos/Shared Assets/Animations/RapidStrafe_Left.fbx' had errors: File 'RapidStrafe_Left' has rig import warnings. See Import Messages in Rig Import Tab for more details.

========================================================================
Received Import Request.
  Time since last request: 0.000043 seconds.
  path: Assets/Addons/Photon Unity Networking/Demos/Shared Assets/Animations/RapidStrafe_Right.fbx
  artifactKey: Guid(15fe083e5eaac314d8eea8ef3ed65046) Importer(-1,00000000000000000000000000000000)
Start importing Assets/Addons/Photon Unity Networking/Demos/Shared Assets/Animations/RapidStrafe_Right.fbx using Guid(15fe083e5eaac314d8eea8ef3ed65046) Importer(-1,00000000000000000000000000000000) Keyframe reduction: Ratio: 44.088978%;
File 'RapidStrafe_Right' has rig import warnings. See Import Messages in Rig Import Tab for more details.
 -> (artifact id: '9506e20b0a427e40f612f4c413f623cc') in 0.207987 seconds 
  ERROR: Import of 'Assets/Addons/Photon Unity Networking/Demos/Shared Assets/Animations/RapidStrafe_Right.fbx' had errors: File 'RapidStrafe_Right' has rig import warnings. See Import Messages in Rig Import Tab for more details.

========================================================================
Received Import Request.
  Time since last request: 0.000041 seconds.
  path: Assets/Addons/Photon Unity Networking/Demos/Shared Assets/Animations/JogBackward_NtrlFaceFwd.fbx
  artifactKey: Guid(4c299da8335ebd746bc4ade9f15d7d93) Importer(-1,00000000000000000000000000000000)
Start importing Assets/Addons/Photon Unity Networking/Demos/Shared Assets/Animations/JogBackward_NtrlFaceFwd.fbx using Guid(4c299da8335ebd746bc4ade9f15d7d93) Importer(-1,00000000000000000000000000000000) Keyframe reduction: Ratio: 20.221941%;
File 'JogBackward_NtrlFaceFwd' has rig import warnings. See Import Messages in Rig Import Tab for more details.
 -> (artifact id: 'e8592e4572f00b9b0b5fed4cba6c3911') in 0.263779 seconds 
  ERROR: Import of 'Assets/Addons/Photon Unity Networking/Demos/Shared Assets/Animations/JogBackward_NtrlFaceFwd.fbx' had errors: File 'JogBackward_NtrlFaceFwd' has rig import warnings. See Import Messages in Rig Import Tab for more details.

========================================================================
Received Import Request.
  Time since last request: 0.000046 seconds.
  path: Assets/Addons/Photon Unity Networking/Demos/Shared Assets/Models/BoundingMesh.obj
  artifactKey: Guid(a494fd02c2f15b842ba2f5393004cfa3) Importer(-1,00000000000000000000000000000000)
Start importing Assets/Addons/Photon Unity Networking/Demos/Shared Assets/Models/BoundingMesh.obj using Guid(a494fd02c2f15b842ba2f5393004cfa3) Importer(-1,00000000000000000000000000000000)  -> (artifact id: 'e8c7c1815688e8bbb16cd99e977cc70f') in 0.034155 seconds 
========================================================================
Received Import Request.
  Time since last request: 0.000039 seconds.
  path: Assets/Addons/Photon Unity Networking/Demos/Shared Assets/Animations/IdlesWave.fbx
  artifactKey: Guid(c387a0e47b4244f2b86c50372341024a) Importer(-1,00000000000000000000000000000000)
Start importing Assets/Addons/Photon Unity Networking/Demos/Shared Assets/Animations/IdlesWave.fbx using Guid(c387a0e47b4244f2b86c50372341024a) Importer(-1,00000000000000000000000000000000) Keyframe reduction: Ratio: 16.323896%;
File 'IdlesWave' has rig import warnings. See Import Messages in Rig Import Tab for more details.
 -> (artifact id: '208baf768708165c0acafc0ec4442f07') in 1.361002 seconds 
  ERROR: Import of 'Assets/Addons/Photon Unity Networking/Demos/Shared Assets/Animations/IdlesWave.fbx' had errors: File 'IdlesWave' has rig import warnings. See Import Messages in Rig Import Tab for more details.

========================================================================
Received Import Request.
  Time since last request: 0.000040 seconds.
  path: Assets/Addons/Photon Unity Networking/Demos/Shared Assets/Models/Pointer.fbx
  artifactKey: Guid(0baebe6c8f51e754a96dd7d4dee9bb4e) Importer(-1,00000000000000000000000000000000)
Start importing Assets/Addons/Photon Unity Networking/Demos/Shared Assets/Models/Pointer.fbx using Guid(0baebe6c8f51e754a96dd7d4dee9bb4e) Importer(-1,00000000000000000000000000000000)  -> (artifact id: 'c7730a7aa2774479a7cb8fd99c09115d') in 0.077922 seconds 
========================================================================
Received Import Request.
  Time since last request: 0.000037 seconds.
  path: Assets/Addons/Photon Unity Networking/Demos/Shared Assets/Animations/Idles.fbx
  artifactKey: Guid(ce448a8080b4e934b8473badd27be402) Importer(-1,00000000000000000000000000000000)
Start importing Assets/Addons/Photon Unity Networking/Demos/Shared Assets/Animations/Idles.fbx using Guid(ce448a8080b4e934b8473badd27be402) Importer(-1,00000000000000000000000000000000) File 'Idles' has rig import warnings. See Import Messages in Rig Import Tab for more details.
 -> (artifact id: '8f3755342f97e0b174cc219769723226') in 0.495155 seconds 
  ERROR: Import of 'Assets/Addons/Photon Unity Networking/Demos/Shared Assets/Animations/Idles.fbx' had errors: File 'Idles' has rig import warnings. See Import Messages in Rig Import Tab for more details.

========================================================================
Received Import Request.
  Time since last request: 387.127111 seconds.
  path: Assets/Addons/Photon Unity Networking/Demos/MarcoPolo-Tutorial/Polo.wav
  artifactKey: Guid(4ad7633f7befb9d4b81c2123c39c2dae) Importer(815301076,1909f56bfc062723c751e8b465ee728b)
Start importing Assets/Addons/Photon Unity Networking/Demos/MarcoPolo-Tutorial/Polo.wav using Guid(4ad7633f7befb9d4b81c2123c39c2dae) Importer(815301076,1909f56bfc062723c751e8b465ee728b)  -> (artifact id: '5cedd11569e557f0a04c863b321f6984') in 0.175353 seconds 
========================================================================
Received Prepare
Registering precompiled user dll's ...
Registered in 0.038177 seconds.
Begin MonoManager ReloadAssembly
Symbol file LoadedFromMemory doesn't match image D:\yoyof\Documents\Git\2021-Winter-Project\Mole Hunter\Library\PackageCache\com.unity.visualscripting@1.7.6\Editor\VisualScripting.Core\Dependencies\YamlDotNet\Unity.VisualScripting.YamlDotNet.dll
Symbol file LoadedFromMemory doesn't match image D:\yoyof\Documents\Git\2021-Winter-Project\Mole Hunter\Library\PackageCache\com.unity.visualscripting@1.7.6\Editor\VisualScripting.Core\Dependencies\DotNetZip\Unity.VisualScripting.IonicZip.dll
Native extension for WindowsStandalone target not found
Native extension for WebGL target not found
Refreshing native plugins compatible for Editor in 1.11 ms, found 3 plugins.
Preloading 0 native plugins for Editor in 0.00 ms.
Mono: successfully reloaded assembly
- Completed reload, in  1.653 seconds
Domain Reload Profiling:
	ReloadAssembly (1654ms)
		BeginReloadAssembly (266ms)
			ExecutionOrderSort (0ms)
			DisableScriptedObjects (11ms)
			BackupInstance (0ms)
			ReleaseScriptingObjects (0ms)
			CreateAndSetChildDomain (59ms)
		EndReloadAssembly (1185ms)
			LoadAssemblies (183ms)
			RebuildTransferFunctionScriptingTraits (0ms)
			SetupTypeCache (379ms)
			ReleaseScriptCaches (2ms)
			RebuildScriptCaches (56ms)
			SetupLoadedEditorAssemblies (526ms)
				LogAssemblyErrors (0ms)
				InitializePlatformSupportModulesInManaged (21ms)
				SetLoadedEditorAssemblies (1ms)
				RefreshPlugins (1ms)
				BeforeProcessingInitializeOnLoad (133ms)
				ProcessInitializeOnLoadAttributes (317ms)
				ProcessInitializeOnLoadMethodAttributes (33ms)
				AfterProcessingInitializeOnLoad (20ms)
				EditorAssembliesLoaded (0ms)
			ExecutionOrderSort2 (0ms)
			AwakeInstancesAfterBackupRestoration (10ms)
Platform modules already initialized, skipping
Refreshing native plugins compatible for Editor in 0.79 ms, found 3 plugins.
Preloading 0 native plugins for Editor in 0.00 ms.
Unloading 3345 Unused Serialized files (Serialized files now loaded: 0)
Unloading 28 unused Assets / (103.1 KB). Loaded Objects now: 3841.
Memory consumption went from 139.0 MB to 138.9 MB.
Total: 4.391600 ms (FindLiveObjects: 0.387700 ms CreateObjectMapping: 0.209400 ms MarkObjects: 3.653300 ms  DeleteObjects: 0.138900 ms)

AssetImportParameters requested are different than current active one (requested -> active):
  custom:video-decoder-ogg-theora: a1e56fd34408186e4bbccfd4996cb3dc -> 
  custom:container-muxer-webm: aa71ff27fc2769a1b78a27578f13a17b -> 
  custom:container-demuxer-webm: 4f35f7cbe854078d1ac9338744f61a02 -> 
  custom:video-encoder-webm-vp8: eb34c28f22e8b96e1ab97ce403110664 -> 
  custom:video-codec-MediaFoundation-h265: e54d7ab0439102e2317fc1e4b246158d -> 
  custom:audio-encoder-webm-vorbis: bf7c407c2cedff20999df2af8eb42d56 -> 
  custom:framework-win-MediaFoundation: 216162199b28c13a410421893ffa2e32 -> 
  custom:container-demuxer-ogg: 62fdf1f143b41e24485cea50d1cbac27 -> 
  custom:video-decoder-webm-vp8: 9c59270c3fd7afecdb556c50c9e8de78 -> 
  custom:audio-decoder-ogg-vorbis: bf7c407c2cedff20999df2af8eb42d56 -> 
========================================================================
Received Prepare
Registering precompiled user dll's ...
Registered in 0.031191 seconds.
Begin MonoManager ReloadAssembly
Symbol file LoadedFromMemory doesn't match image D:\yoyof\Documents\Git\2021-Winter-Project\Mole Hunter\Library\PackageCache\com.unity.visualscripting@1.7.6\Editor\VisualScripting.Core\Dependencies\YamlDotNet\Unity.VisualScripting.YamlDotNet.dll
Symbol file LoadedFromMemory doesn't match image D:\yoyof\Documents\Git\2021-Winter-Project\Mole Hunter\Library\PackageCache\com.unity.visualscripting@1.7.6\Editor\VisualScripting.Core\Dependencies\DotNetZip\Unity.VisualScripting.IonicZip.dll
Native extension for WindowsStandalone target not found
Native extension for WebGL target not found
Refreshing native plugins compatible for Editor in 1.46 ms, found 3 plugins.
Preloading 0 native plugins for Editor in 0.00 ms.
Mono: successfully reloaded assembly
- Completed reload, in  1.732 seconds
Domain Reload Profiling:
	ReloadAssembly (1733ms)
		BeginReloadAssembly (233ms)
			ExecutionOrderSort (0ms)
			DisableScriptedObjects (9ms)
			BackupInstance (0ms)
			ReleaseScriptingObjects (0ms)
			CreateAndSetChildDomain (50ms)
		EndReloadAssembly (1294ms)
			LoadAssemblies (170ms)
			RebuildTransferFunctionScriptingTraits (0ms)
			SetupTypeCache (442ms)
			ReleaseScriptCaches (2ms)
			RebuildScriptCaches (68ms)
			SetupLoadedEditorAssemblies (538ms)
				LogAssemblyErrors (0ms)
				InitializePlatformSupportModulesInManaged (22ms)
				SetLoadedEditorAssemblies (1ms)
				RefreshPlugins (2ms)
				BeforeProcessingInitializeOnLoad (132ms)
				ProcessInitializeOnLoadAttributes (325ms)
				ProcessInitializeOnLoadMethodAttributes (36ms)
				AfterProcessingInitializeOnLoad (20ms)
				EditorAssembliesLoaded (0ms)
			ExecutionOrderSort2 (0ms)
			AwakeInstancesAfterBackupRestoration (9ms)
Platform modules already initialized, skipping
Refreshing native plugins compatible for Editor in 1.08 ms, found 3 plugins.
Preloading 0 native plugins for Editor in 0.00 ms.
Unloading 3345 Unused Serialized files (Serialized files now loaded: 0)
Unloading 27 unused Assets / (102.4 KB). Loaded Objects now: 3843.
Memory consumption went from 139.0 MB to 138.9 MB.
Total: 4.179200 ms (FindLiveObjects: 0.428300 ms CreateObjectMapping: 0.147400 ms MarkObjects: 3.454400 ms  DeleteObjects: 0.147600 ms)

AssetImportParameters requested are different than current active one (requested -> active):
  custom:video-decoder-ogg-theora: a1e56fd34408186e4bbccfd4996cb3dc -> 
  custom:container-muxer-webm: aa71ff27fc2769a1b78a27578f13a17b -> 
  custom:container-demuxer-webm: 4f35f7cbe854078d1ac9338744f61a02 -> 
  custom:video-encoder-webm-vp8: eb34c28f22e8b96e1ab97ce403110664 -> 
  custom:video-codec-MediaFoundation-h265: e54d7ab0439102e2317fc1e4b246158d -> 
  custom:audio-encoder-webm-vorbis: bf7c407c2cedff20999df2af8eb42d56 -> 
  custom:framework-win-MediaFoundation: 216162199b28c13a410421893ffa2e32 -> 
  custom:container-demuxer-ogg: 62fdf1f143b41e24485cea50d1cbac27 -> 
  custom:video-decoder-webm-vp8: 9c59270c3fd7afecdb556c50c9e8de78 -> 
  custom:audio-decoder-ogg-vorbis: bf7c407c2cedff20999df2af8eb42d56 -> 
========================================================================
Received Prepare
Registering precompiled user dll's ...
Registered in 0.032088 seconds.
Begin MonoManager ReloadAssembly
Symbol file LoadedFromMemory doesn't match image D:\yoyof\Documents\Git\2021-Winter-Project\Mole Hunter\Library\PackageCache\com.unity.visualscripting@1.7.6\Editor\VisualScripting.Core\Dependencies\YamlDotNet\Unity.VisualScripting.YamlDotNet.dll
Symbol file LoadedFromMemory doesn't match image D:\yoyof\Documents\Git\2021-Winter-Project\Mole Hunter\Library\PackageCache\com.unity.visualscripting@1.7.6\Editor\VisualScripting.Core\Dependencies\DotNetZip\Unity.VisualScripting.IonicZip.dll
Native extension for WindowsStandalone target not found
Native extension for WebGL target not found
Refreshing native plugins compatible for Editor in 0.90 ms, found 3 plugins.
Preloading 0 native plugins for Editor in 0.00 ms.
Mono: successfully reloaded assembly
- Completed reload, in  1.665 seconds
Domain Reload Profiling:
	ReloadAssembly (1666ms)
		BeginReloadAssembly (223ms)
			ExecutionOrderSort (0ms)
			DisableScriptedObjects (8ms)
			BackupInstance (0ms)
			ReleaseScriptingObjects (0ms)
			CreateAndSetChildDomain (52ms)
		EndReloadAssembly (1261ms)
			LoadAssemblies (158ms)
			RebuildTransferFunctionScriptingTraits (0ms)
			SetupTypeCache (430ms)
			ReleaseScriptCaches (2ms)
			RebuildScriptCaches (64ms)
			SetupLoadedEditorAssemblies (525ms)
				LogAssemblyErrors (0ms)
				InitializePlatformSupportModulesInManaged (20ms)
				SetLoadedEditorAssemblies (1ms)
				RefreshPlugins (1ms)
				BeforeProcessingInitializeOnLoad (134ms)
				ProcessInitializeOnLoadAttributes (313ms)
				ProcessInitializeOnLoadMethodAttributes (37ms)
				AfterProcessingInitializeOnLoad (20ms)
				EditorAssembliesLoaded (0ms)
			ExecutionOrderSort2 (0ms)
			AwakeInstancesAfterBackupRestoration (11ms)
Platform modules already initialized, skipping
Refreshing native plugins compatible for Editor in 1.39 ms, found 3 plugins.
Preloading 0 native plugins for Editor in 0.00 ms.
Unloading 3345 Unused Serialized files (Serialized files now loaded: 0)
Unloading 27 unused Assets / (102.5 KB). Loaded Objects now: 3845.
Memory consumption went from 139.0 MB to 138.9 MB.
Total: 4.868300 ms (FindLiveObjects: 0.428600 ms CreateObjectMapping: 0.108400 ms MarkObjects: 4.153100 ms  DeleteObjects: 0.176600 ms)

AssetImportParameters requested are different than current active one (requested -> active):
  custom:video-decoder-ogg-theora: a1e56fd34408186e4bbccfd4996cb3dc -> 
  custom:container-muxer-webm: aa71ff27fc2769a1b78a27578f13a17b -> 
  custom:container-demuxer-webm: 4f35f7cbe854078d1ac9338744f61a02 -> 
  custom:video-encoder-webm-vp8: eb34c28f22e8b96e1ab97ce403110664 -> 
  custom:video-codec-MediaFoundation-h265: e54d7ab0439102e2317fc1e4b246158d -> 
  custom:audio-encoder-webm-vorbis: bf7c407c2cedff20999df2af8eb42d56 -> 
  custom:framework-win-MediaFoundation: 216162199b28c13a410421893ffa2e32 -> 
  custom:container-demuxer-ogg: 62fdf1f143b41e24485cea50d1cbac27 -> 
  custom:video-decoder-webm-vp8: 9c59270c3fd7afecdb556c50c9e8de78 -> 
  custom:audio-decoder-ogg-vorbis: bf7c407c2cedff20999df2af8eb42d56 -> 
========================================================================
Received Prepare
Registering precompiled user dll's ...
Registered in 0.031598 seconds.
Begin MonoManager ReloadAssembly
Symbol file LoadedFromMemory doesn't match image D:\yoyof\Documents\Git\2021-Winter-Project\Mole Hunter\Library\PackageCache\com.unity.visualscripting@1.7.6\Editor\VisualScripting.Core\Dependencies\YamlDotNet\Unity.VisualScripting.YamlDotNet.dll
Symbol file LoadedFromMemory doesn't match image D:\yoyof\Documents\Git\2021-Winter-Project\Mole Hunter\Library\PackageCache\com.unity.visualscripting@1.7.6\Editor\VisualScripting.Core\Dependencies\DotNetZip\Unity.VisualScripting.IonicZip.dll
Native extension for WindowsStandalone target not found
Native extension for WebGL target not found
Refreshing native plugins compatible for Editor in 1.22 ms, found 3 plugins.
Preloading 0 native plugins for Editor in 0.00 ms.
Mono: successfully reloaded assembly
- Completed reload, in  1.699 seconds
Domain Reload Profiling:
	ReloadAssembly (1700ms)
		BeginReloadAssembly (219ms)
			ExecutionOrderSort (0ms)
			DisableScriptedObjects (8ms)
			BackupInstance (0ms)
			ReleaseScriptingObjects (0ms)
			CreateAndSetChildDomain (45ms)
		EndReloadAssembly (1297ms)
			LoadAssemblies (161ms)
			RebuildTransferFunctionScriptingTraits (0ms)
			SetupTypeCache (442ms)
			ReleaseScriptCaches (2ms)
			RebuildScriptCaches (63ms)
			SetupLoadedEditorAssemblies (536ms)
				LogAssemblyErrors (0ms)
				InitializePlatformSupportModulesInManaged (23ms)
				SetLoadedEditorAssemblies (1ms)
				RefreshPlugins (1ms)
				BeforeProcessingInitializeOnLoad (133ms)
				ProcessInitializeOnLoadAttributes (322ms)
				ProcessInitializeOnLoadMethodAttributes (35ms)
				AfterProcessingInitializeOnLoad (20ms)
				EditorAssembliesLoaded (0ms)
			ExecutionOrderSort2 (0ms)
			AwakeInstancesAfterBackupRestoration (9ms)
Platform modules already initialized, skipping
Refreshing native plugins compatible for Editor in 0.80 ms, found 3 plugins.
Preloading 0 native plugins for Editor in 0.00 ms.
Unloading 3345 Unused Serialized files (Serialized files now loaded: 0)
Unloading 27 unused Assets / (102.3 KB). Loaded Objects now: 3847.
Memory consumption went from 139.0 MB to 138.9 MB.
Total: 4.042200 ms (FindLiveObjects: 0.385100 ms CreateObjectMapping: 0.107800 ms MarkObjects: 3.357400 ms  DeleteObjects: 0.190000 ms)

AssetImportParameters requested are different than current active one (requested -> active):
  custom:video-decoder-ogg-theora: a1e56fd34408186e4bbccfd4996cb3dc -> 
  custom:container-muxer-webm: aa71ff27fc2769a1b78a27578f13a17b -> 
  custom:container-demuxer-webm: 4f35f7cbe854078d1ac9338744f61a02 -> 
  custom:video-encoder-webm-vp8: eb34c28f22e8b96e1ab97ce403110664 -> 
  custom:video-codec-MediaFoundation-h265: e54d7ab0439102e2317fc1e4b246158d -> 
  custom:audio-encoder-webm-vorbis: bf7c407c2cedff20999df2af8eb42d56 -> 
  custom:framework-win-MediaFoundation: 216162199b28c13a410421893ffa2e32 -> 
  custom:container-demuxer-ogg: 62fdf1f143b41e24485cea50d1cbac27 -> 
  custom:video-decoder-webm-vp8: 9c59270c3fd7afecdb556c50c9e8de78 -> 
  custom:audio-decoder-ogg-vorbis: bf7c407c2cedff20999df2af8eb42d56 -> 
========================================================================
Received Import Request.
  Time since last request: 346.860225 seconds.
  path: Assets/Addons/Photon Unity Networking/Demos/PunBasics-Tutorial/Prefabs/Game Manager.prefab
  artifactKey: Guid(b7fe671fa5d4d4772a4b20715fb9b0ff) Importer(815301076,1909f56bfc062723c751e8b465ee728b)
Start importing Assets/Addons/Photon Unity Networking/Demos/PunBasics-Tutorial/Prefabs/Game Manager.prefab using Guid(b7fe671fa5d4d4772a4b20715fb9b0ff) Importer(815301076,1909f56bfc062723c751e8b465ee728b)  -> (artifact id: 'e1a2334f5e956837e75407b91efb9d2a') in 0.081285 seconds 
========================================================================
Received Import Request.
  Time since last request: 8.022890 seconds.
  path: Assets/Addons/Photon Unity Networking/Demos/PunBasics-Tutorial/Materials/UnitTextureGreen12x.mat
  artifactKey: Guid(8c13ddd2bc8fa4e85943376cf7c8bf7d) Importer(815301076,1909f56bfc062723c751e8b465ee728b)
Start importing Assets/Addons/Photon Unity Networking/Demos/PunBasics-Tutorial/Materials/UnitTextureGreen12x.mat using Guid(8c13ddd2bc8fa4e85943376cf7c8bf7d) Importer(815301076,1909f56bfc062723c751e8b465ee728b)  -> (artifact id: '21457f4c97193c592499733173877a08') in 0.083387 seconds 
========================================================================
Received Import Request.
  Time since last request: 0.000039 seconds.
  path: Assets/Addons/Photon Unity Networking/Demos/PunBasics-Tutorial/Materials/UnitTextureYellow12x.mat
  artifactKey: Guid(ceba02e8dfaf34474b36fe43b51b69db) Importer(815301076,1909f56bfc062723c751e8b465ee728b)
Start importing Assets/Addons/Photon Unity Networking/Demos/PunBasics-Tutorial/Materials/UnitTextureYellow12x.mat using Guid(ceba02e8dfaf34474b36fe43b51b69db) Importer(815301076,1909f56bfc062723c751e8b465ee728b)  -> (artifact id: '3a07a6893e2fb471dacce2963e658e94') in 0.022895 seconds 
========================================================================
Received Import Request.
  Time since last request: 655.024643 seconds.
  path: Assets/Addons/BrokenVector/LowPolyTreePack/Textures/Colorsheet Tree Dry.png
  artifactKey: Guid(9236635f319ab034fa33215e8eaa903a) Importer(815301076,1909f56bfc062723c751e8b465ee728b)
Start importing Assets/Addons/BrokenVector/LowPolyTreePack/Textures/Colorsheet Tree Dry.png using Guid(9236635f319ab034fa33215e8eaa903a) Importer(815301076,1909f56bfc062723c751e8b465ee728b)  -> (artifact id: '2907bf81611701f640f9dd6efe8a4c04') in 0.058142 seconds 
========================================================================
Received Import Request.
  Time since last request: 0.000030 seconds.
  path: Assets/Addons/BrokenVector/LowPolyTreePack/Textures/Colorsheet Tree Normal.png
  artifactKey: Guid(8ba8b94b5ab0c214fa2810a7df98a1a9) Importer(815301076,1909f56bfc062723c751e8b465ee728b)
Start importing Assets/Addons/BrokenVector/LowPolyTreePack/Textures/Colorsheet Tree Normal.png using Guid(8ba8b94b5ab0c214fa2810a7df98a1a9) Importer(815301076,1909f56bfc062723c751e8b465ee728b)  -> (artifact id: '02d2acac779ea3174d424455589423bb') in 0.034683 seconds 
========================================================================
Received Prepare
Registering precompiled user dll's ...
Registered in 0.030012 seconds.
Begin MonoManager ReloadAssembly
Symbol file LoadedFromMemory doesn't match image D:\yoyof\Documents\Git\2021-Winter-Project\Mole Hunter\Library\PackageCache\com.unity.visualscripting@1.7.6\Editor\VisualScripting.Core\Dependencies\YamlDotNet\Unity.VisualScripting.YamlDotNet.dll
Symbol file LoadedFromMemory doesn't match image D:\yoyof\Documents\Git\2021-Winter-Project\Mole Hunter\Library\PackageCache\com.unity.visualscripting@1.7.6\Editor\VisualScripting.Core\Dependencies\DotNetZip\Unity.VisualScripting.IonicZip.dll
Native extension for WindowsStandalone target not found
Native extension for WebGL target not found
Refreshing native plugins compatible for Editor in 1.10 ms, found 3 plugins.
Preloading 0 native plugins for Editor in 0.00 ms.
Mono: successfully reloaded assembly
- Completed reload, in  1.398 seconds
Domain Reload Profiling:
	ReloadAssembly (1399ms)
		BeginReloadAssembly (199ms)
			ExecutionOrderSort (0ms)
			DisableScriptedObjects (6ms)
			BackupInstance (0ms)
			ReleaseScriptingObjects (0ms)
			CreateAndSetChildDomain (45ms)
		EndReloadAssembly (1033ms)
			LoadAssemblies (138ms)
			RebuildTransferFunctionScriptingTraits (0ms)
			SetupTypeCache (337ms)
			ReleaseScriptCaches (1ms)
			RebuildScriptCaches (50ms)
			SetupLoadedEditorAssemblies (444ms)
				LogAssemblyErrors (0ms)
				InitializePlatformSupportModulesInManaged (19ms)
				SetLoadedEditorAssemblies (1ms)
				RefreshPlugins (1ms)
				BeforeProcessingInitializeOnLoad (111ms)
				ProcessInitializeOnLoadAttributes (261ms)
				ProcessInitializeOnLoadMethodAttributes (31ms)
				AfterProcessingInitializeOnLoad (19ms)
				EditorAssembliesLoaded (0ms)
			ExecutionOrderSort2 (0ms)
			AwakeInstancesAfterBackupRestoration (16ms)
Platform modules already initialized, skipping
Refreshing native plugins compatible for Editor in 0.78 ms, found 3 plugins.
Preloading 0 native plugins for Editor in 0.00 ms.
Unloading 3355 Unused Serialized files (Serialized files now loaded: 0)
Unloading 30 unused Assets / (104.9 KB). Loaded Objects now: 3925.
Memory consumption went from 140.4 MB to 140.3 MB.
Total: 4.191800 ms (FindLiveObjects: 0.403100 ms CreateObjectMapping: 0.109700 ms MarkObjects: 3.434400 ms  DeleteObjects: 0.242600 ms)

AssetImportParameters requested are different than current active one (requested -> active):
  custom:video-decoder-ogg-theora: a1e56fd34408186e4bbccfd4996cb3dc -> 
  custom:container-muxer-webm: aa71ff27fc2769a1b78a27578f13a17b -> 
  custom:container-demuxer-webm: 4f35f7cbe854078d1ac9338744f61a02 -> 
  custom:video-encoder-webm-vp8: eb34c28f22e8b96e1ab97ce403110664 -> 
  custom:video-codec-MediaFoundation-h265: e54d7ab0439102e2317fc1e4b246158d -> 
  custom:audio-encoder-webm-vorbis: bf7c407c2cedff20999df2af8eb42d56 -> 
  custom:framework-win-MediaFoundation: 216162199b28c13a410421893ffa2e32 -> 
  custom:container-demuxer-ogg: 62fdf1f143b41e24485cea50d1cbac27 -> 
  custom:video-decoder-webm-vp8: 9c59270c3fd7afecdb556c50c9e8de78 -> 
  custom:audio-decoder-ogg-vorbis: bf7c407c2cedff20999df2af8eb42d56 -> 
========================================================================
Received Import Request.
  Time since last request: 61.415624 seconds.
  path: Assets/Addons/Photon Unity Networking/Demos/Demo2DJumpAndRunWithPhysics/Sprites/CharacterSheet.psd
  artifactKey: Guid(6eedfc74195a44648b72bcf755811a88) Importer(-1,00000000000000000000000000000000)
Start importing Assets/Addons/Photon Unity Networking/Demos/Demo2DJumpAndRunWithPhysics/Sprites/CharacterSheet.psd using Guid(6eedfc74195a44648b72bcf755811a88) Importer(-1,00000000000000000000000000000000)  -> (artifact id: 'f479542e0c52479bbedf420a85173bdc') in 0.298780 seconds 
========================================================================
Received Prepare
Registering precompiled user dll's ...
Registered in 0.030056 seconds.
Begin MonoManager ReloadAssembly
Symbol file LoadedFromMemory doesn't match image D:\yoyof\Documents\Git\2021-Winter-Project\Mole Hunter\Library\PackageCache\com.unity.visualscripting@1.7.6\Editor\VisualScripting.Core\Dependencies\YamlDotNet\Unity.VisualScripting.YamlDotNet.dll
Symbol file LoadedFromMemory doesn't match image D:\yoyof\Documents\Git\2021-Winter-Project\Mole Hunter\Library\PackageCache\com.unity.visualscripting@1.7.6\Editor\VisualScripting.Core\Dependencies\DotNetZip\Unity.VisualScripting.IonicZip.dll
Native extension for WindowsStandalone target not found
Native extension for WebGL target not found
Refreshing native plugins compatible for Editor in 1.03 ms, found 3 plugins.
Preloading 0 native plugins for Editor in 0.00 ms.
Mono: successfully reloaded assembly
- Completed reload, in  1.596 seconds
Domain Reload Profiling:
	ReloadAssembly (1597ms)
		BeginReloadAssembly (229ms)
			ExecutionOrderSort (0ms)
			DisableScriptedObjects (9ms)
			BackupInstance (0ms)
			ReleaseScriptingObjects (0ms)
			CreateAndSetChildDomain (53ms)
		EndReloadAssembly (1197ms)
			LoadAssemblies (160ms)
			RebuildTransferFunctionScriptingTraits (0ms)
			SetupTypeCache (390ms)
			ReleaseScriptCaches (2ms)
			RebuildScriptCaches (63ms)
			SetupLoadedEditorAssemblies (510ms)
				LogAssemblyErrors (0ms)
				InitializePlatformSupportModulesInManaged (22ms)
				SetLoadedEditorAssemblies (1ms)
				RefreshPlugins (1ms)
				BeforeProcessingInitializeOnLoad (125ms)
				ProcessInitializeOnLoadAttributes (302ms)
				ProcessInitializeOnLoadMethodAttributes (34ms)
				AfterProcessingInitializeOnLoad (25ms)
				EditorAssembliesLoaded (0ms)
			ExecutionOrderSort2 (0ms)
			AwakeInstancesAfterBackupRestoration (21ms)
Platform modules already initialized, skipping
Refreshing native plugins compatible for Editor in 1.58 ms, found 3 plugins.
Preloading 0 native plugins for Editor in 0.00 ms.
Unloading 3393 Unused Serialized files (Serialized files now loaded: 0)
Unloading 27 unused Assets / (102.5 KB). Loaded Objects now: 3967.
Memory consumption went from 141.6 MB to 141.5 MB.
Total: 4.667200 ms (FindLiveObjects: 0.468900 ms CreateObjectMapping: 0.192200 ms MarkObjects: 3.841000 ms  DeleteObjects: 0.162200 ms)

AssetImportParameters requested are different than current active one (requested -> active):
  custom:video-decoder-ogg-theora: a1e56fd34408186e4bbccfd4996cb3dc -> 
  custom:container-muxer-webm: aa71ff27fc2769a1b78a27578f13a17b -> 
  custom:container-demuxer-webm: 4f35f7cbe854078d1ac9338744f61a02 -> 
  custom:video-encoder-webm-vp8: eb34c28f22e8b96e1ab97ce403110664 -> 
  custom:video-codec-MediaFoundation-h265: e54d7ab0439102e2317fc1e4b246158d -> 
  custom:audio-encoder-webm-vorbis: bf7c407c2cedff20999df2af8eb42d56 -> 
  custom:framework-win-MediaFoundation: 216162199b28c13a410421893ffa2e32 -> 
  custom:container-demuxer-ogg: 62fdf1f143b41e24485cea50d1cbac27 -> 
  custom:video-decoder-webm-vp8: 9c59270c3fd7afecdb556c50c9e8de78 -> 
  custom:audio-decoder-ogg-vorbis: bf7c407c2cedff20999df2af8eb42d56 -> 
========================================================================
Received Import Request.
  Time since last request: 153.235040 seconds.
  path: Assets/Addons/Photon Unity Networking/Demos/DemoBoxes/Resources/UnitTexture.png
  artifactKey: Guid(f64bcca960c279c4da8509f61a33db8f) Importer(-1,00000000000000000000000000000000)
Start importing Assets/Addons/Photon Unity Networking/Demos/DemoBoxes/Resources/UnitTexture.png using Guid(f64bcca960c279c4da8509f61a33db8f) Importer(-1,00000000000000000000000000000000)  -> (artifact id: '58fa9465753c03631471fc51787cb710') in 0.053046 seconds 
========================================================================
Received Import Request.
  Time since last request: 0.000042 seconds.
  path: Assets/Addons/Photon Unity Networking/Demos/DemoWorker/Art/Simple.png
  artifactKey: Guid(63208023146d7db48808272f2547b257) Importer(-1,00000000000000000000000000000000)
Start importing Assets/Addons/Photon Unity Networking/Demos/DemoWorker/Art/Simple.png using Guid(63208023146d7db48808272f2547b257) Importer(-1,00000000000000000000000000000000)  -> (artifact id: '657b017a6d3fe39d4800351bb4c3ad66') in 0.042082 seconds 
========================================================================
Received Import Request.
  Time since last request: 0.000051 seconds.
  path: Assets/Addons/Photon Unity Networking/Demos/DemoBoxes/Resources/ColorPreview.png
  artifactKey: Guid(e824c90b700b59a48bb75bf8ac3b5682) Importer(-1,00000000000000000000000000000000)
Start importing Assets/Addons/Photon Unity Networking/Demos/DemoBoxes/Resources/ColorPreview.png using Guid(e824c90b700b59a48bb75bf8ac3b5682) Importer(-1,00000000000000000000000000000000)  -> (artifact id: 'eb7010b23bcd221e5d160692277f2f31') in 0.031167 seconds 
========================================================================
Received Import Request.
  Time since last request: 0.000051 seconds.
  path: Assets/Addons/Photon Unity Networking/Demos/DemoHub/Sprites/OutlinedSquaredBox.png
  artifactKey: Guid(c222cd02c447941edb09ecb6433229ce) Importer(-1,00000000000000000000000000000000)
Start importing Assets/Addons/Photon Unity Networking/Demos/DemoHub/Sprites/OutlinedSquaredBox.png using Guid(c222cd02c447941edb09ecb6433229ce) Importer(-1,00000000000000000000000000000000)  -> (artifact id: '0a913606899bd2aff27616f63fddd864') in 0.108550 seconds 
========================================================================
Received Import Request.
  Time since last request: 0.000065 seconds.
  path: Assets/Addons/Photon Unity Networking/Demos/DemoHub/Sprites/Gradient.png
  artifactKey: Guid(66efb24ed46044ab8a039599cbc47d7b) Importer(-1,00000000000000000000000000000000)
Start importing Assets/Addons/Photon Unity Networking/Demos/DemoHub/Sprites/Gradient.png using Guid(66efb24ed46044ab8a039599cbc47d7b) Importer(-1,00000000000000000000000000000000)  -> (artifact id: 'b65239619e67e4ca06d26a65979864f4') in 0.041079 seconds 
========================================================================
Received Import Request.
  Time since last request: 0.000063 seconds.
  path: Assets/Addons/Photon Unity Networking/Demos/DemoHub/Sprites/PunIcon-White-129.png
  artifactKey: Guid(56bbc6b42271d4177ac313247f47ac1f) Importer(-1,00000000000000000000000000000000)
Start importing Assets/Addons/Photon Unity Networking/Demos/DemoHub/Sprites/PunIcon-White-129.png using Guid(56bbc6b42271d4177ac313247f47ac1f) Importer(-1,00000000000000000000000000000000)  -> (artifact id: '301eaeb07d2d13d9e7296dff41198a98') in 0.031242 seconds 
========================================================================
Received Import Request.
  Time since last request: 0.000060 seconds.
  path: Assets/Addons/Photon Unity Networking/Demos/DemoWorker/Art/Character Controllers/Sources/PrototypeCharacter/Textures/constructor_normals.png
  artifactKey: Guid(531c14f8d5cdc4e5baa83ee6e16f783a) Importer(-1,00000000000000000000000000000000)
Start importing Assets/Addons/Photon Unity Networking/Demos/DemoWorker/Art/Character Controllers/Sources/PrototypeCharacter/Textures/constructor_normals.png using Guid(531c14f8d5cdc4e5baa83ee6e16f783a) Importer(-1,00000000000000000000000000000000)  -> (artifact id: 'c76e8437a84a8645f1d3589a96373804') in 0.171371 seconds 
========================================================================
Received Import Request.
  Time since last request: 0.000036 seconds.
  path: Assets/Addons/Photon Unity Networking/Demos/DemoHub/toHub.png
  artifactKey: Guid(56d51860189dbec438e8e3fba90c46cc) Importer(-1,00000000000000000000000000000000)
Start importing Assets/Addons/Photon Unity Networking/Demos/DemoHub/toHub.png using Guid(56d51860189dbec438e8e3fba90c46cc) Importer(-1,00000000000000000000000000000000)  -> (artifact id: '403268a52da59603a47fb813179ba59c') in 0.019157 seconds 
========================================================================
Received Import Request.
  Time since last request: 0.342523 seconds.
  path: Assets/Addons/Photon Unity Networking/Demos/DemoPickup/Assets/quad-mesh.obj
  artifactKey: Guid(50e49398ae6a71246b696fbc151d11f7) Importer(-1,00000000000000000000000000000000)
Start importing Assets/Addons/Photon Unity Networking/Demos/DemoPickup/Assets/quad-mesh.obj using Guid(50e49398ae6a71246b696fbc151d11f7) Importer(-1,00000000000000000000000000000000)  -> (artifact id: 'dc6aa9c6038c6b31da571f8cbe9d5984') in 0.045110 seconds 
Editor requested this worker to shutdown with reason: Scaling down because of idle timeout
AssetImportWorker is now disconnected from the server
Process exiting
Exiting without the bug reporter. Application will terminate with return code 0