Using pre-set license
Built from '2021.2/staging' branch; Version is '2021.2.8f1 (d0e5f0a7b06a) revision 13690352'; Using compiler version '192829333'; Build Type 'Release'
OS: 'Windows 10  (10.0.19044) 64bit Professional' Language: 'ko' Physical Memory: 16333 MB
BatchMode: 1, IsHumanControllingUs: 0, StartBugReporterOnCrash: 0, Is64bit: 1, IsPro: 0

COMMAND LINE ARGUMENTS:
C:\Program Files\2021.2.8f1\Editor\Unity.exe
-adb2
-batchMode
-noUpm
-name
AssetImportWorker16
-projectPath
D:/yoyof/Documents/Git/2021-Winter-Project/MolePicker
-logFile
Logs/AssetImportWorker16.log
-srvPort
64218
Successfully changed project path to: D:/yoyof/Documents/Git/2021-Winter-Project/MolePicker
D:/yoyof/Documents/Git/2021-Winter-Project/MolePicker
[UnityMemory] Configuration Parameters - Can be set up in boot.config
    "memorysetup-bucket-allocator-granularity=16"
    "memorysetup-bucket-allocator-bucket-count=8"
    "memorysetup-bucket-allocator-block-size=33554432"
    "memorysetup-bucket-allocator-block-count=8"
    "memorysetup-main-allocator-block-size=16777216"
    "memorysetup-thread-allocator-block-size=16777216"
    "memorysetup-gfx-main-allocator-block-size=16777216"
    "memorysetup-gfx-thread-allocator-block-size=16777216"
    "memorysetup-cache-allocator-block-size=4194304"
    "memorysetup-typetree-allocator-block-size=2097152"
    "memorysetup-profiler-bucket-allocator-granularity=16"
    "memorysetup-profiler-bucket-allocator-bucket-count=8"
    "memorysetup-profiler-bucket-allocator-block-size=33554432"
    "memorysetup-profiler-bucket-allocator-block-count=8"
    "memorysetup-profiler-allocator-block-size=16777216"
    "memorysetup-profiler-editor-allocator-block-size=1048576"
    "memorysetup-temp-allocator-size-main=16777216"
    "memorysetup-job-temp-allocator-block-size=2097152"
    "memorysetup-job-temp-allocator-block-size-background=1048576"
    "memorysetup-job-temp-allocator-reduction-small-platforms=262144"
    "memorysetup-temp-allocator-size-background-worker=32768"
    "memorysetup-temp-allocator-size-job-worker=262144"
    "memorysetup-temp-allocator-size-preload-manager=33554432"
    "memorysetup-temp-allocator-size-nav-mesh-worker=65536"
    "memorysetup-temp-allocator-size-audio-worker=65536"
    "memorysetup-temp-allocator-size-cloud-worker=32768"
    "memorysetup-temp-allocator-size-gi-baking-worker=262144"
    "memorysetup-temp-allocator-size-gfx=262144"
Refreshing native plugins compatible for Editor in 226.72 ms, found 3 plugins.
Preloading 0 native plugins for Editor in 0.00 ms.
Initialize engine version: 2021.2.8f1 (d0e5f0a7b06a)
[Subsystems] Discovering subsystems at path C:/Program Files/2021.2.8f1/Editor/Data/Resources/UnitySubsystems
[Subsystems] Discovering subsystems at path D:/yoyof/Documents/Git/2021-Winter-Project/MolePicker/Assets
GfxDevice: creating device client; threaded=0; jobified=0
Direct3D:
    Version:  Direct3D 11.0 [level 11.1]
    Renderer: NVIDIA GeForce GTX 1660 SUPER (ID=0x21c4)
    Vendor:   NVIDIA
    VRAM:     5991 MB
    Driver:   27.21.14.6192
Initialize mono
Mono path[0] = 'C:/Program Files/2021.2.8f1/Editor/Data/Managed'
Mono path[1] = 'C:/Program Files/2021.2.8f1/Editor/Data/MonoBleedingEdge/lib/mono/unityjit-win32'
Mono config path = 'C:/Program Files/2021.2.8f1/Editor/Data/MonoBleedingEdge/etc'
Using monoOptions --debugger-agent=transport=dt_socket,embedding=1,server=y,suspend=n,address=127.0.0.1:56860
Begin MonoManager ReloadAssembly
Registering precompiled unity dll's ...
Register platform support module: C:/Program Files/2021.2.8f1/Editor/Data/PlaybackEngines/WindowsStandaloneSupport/UnityEditor.WindowsStandalone.Extensions.dll
Registered in 0.015773 seconds.
Native extension for WindowsStandalone target not found
Refreshing native plugins compatible for Editor in 161.94 ms, found 3 plugins.
Preloading 0 native plugins for Editor in 0.00 ms.
Mono: successfully reloaded assembly
- Completed reload, in  1.250 seconds
Domain Reload Profiling:
	ReloadAssembly (1251ms)
		BeginReloadAssembly (155ms)
			ExecutionOrderSort (0ms)
			DisableScriptedObjects (0ms)
			BackupInstance (0ms)
			ReleaseScriptingObjects (0ms)
			CreateAndSetChildDomain (1ms)
		EndReloadAssembly (916ms)
			LoadAssemblies (149ms)
			RebuildTransferFunctionScriptingTraits (0ms)
			SetupTypeCache (207ms)
			ReleaseScriptCaches (0ms)
			RebuildScriptCaches (54ms)
			SetupLoadedEditorAssemblies (536ms)
				LogAssemblyErrors (0ms)
				InitializePlatformSupportModulesInManaged (28ms)
				SetLoadedEditorAssemblies (0ms)
				RefreshPlugins (162ms)
				BeforeProcessingInitializeOnLoad (3ms)
				ProcessInitializeOnLoadAttributes (263ms)
				ProcessInitializeOnLoadMethodAttributes (79ms)
				AfterProcessingInitializeOnLoad (0ms)
				EditorAssembliesLoaded (0ms)
			ExecutionOrderSort2 (0ms)
			AwakeInstancesAfterBackupRestoration (0ms)
Platform modules already initialized, skipping
Registering precompiled user dll's ...
Registered in 0.039512 seconds.
Begin MonoManager ReloadAssembly
Symbol file LoadedFromMemory doesn't match image D:\yoyof\Documents\Git\2021-Winter-Project\MolePicker\Library\PackageCache\com.unity.visualscripting@1.7.6\Editor\VisualScripting.Core\Dependencies\YamlDotNet\Unity.VisualScripting.YamlDotNet.dll
Symbol file LoadedFromMemory doesn't match image D:\yoyof\Documents\Git\2021-Winter-Project\MolePicker\Library\PackageCache\com.unity.visualscripting@1.7.6\Editor\VisualScripting.Core\Dependencies\DotNetZip\Unity.VisualScripting.IonicZip.dll
Native extension for WindowsStandalone target not found
Refreshing native plugins compatible for Editor in 1.13 ms, found 3 plugins.
Preloading 0 native plugins for Editor in 0.00 ms.
Mono: successfully reloaded assembly
- Completed reload, in  1.850 seconds
Domain Reload Profiling:
	ReloadAssembly (1852ms)
		BeginReloadAssembly (184ms)
			ExecutionOrderSort (0ms)
			DisableScriptedObjects (9ms)
			BackupInstance (0ms)
			ReleaseScriptingObjects (0ms)
			CreateAndSetChildDomain (31ms)
		EndReloadAssembly (1377ms)
			LoadAssemblies (156ms)
			RebuildTransferFunctionScriptingTraits (0ms)
			SetupTypeCache (398ms)
			ReleaseScriptCaches (1ms)
			RebuildScriptCaches (98ms)
			SetupLoadedEditorAssemblies (632ms)
				LogAssemblyErrors (0ms)
				InitializePlatformSupportModulesInManaged (23ms)
				SetLoadedEditorAssemblies (1ms)
				RefreshPlugins (1ms)
				BeforeProcessingInitializeOnLoad (162ms)
				ProcessInitializeOnLoadAttributes (377ms)
				ProcessInitializeOnLoadMethodAttributes (40ms)
				AfterProcessingInitializeOnLoad (27ms)
				EditorAssembliesLoaded (0ms)
			ExecutionOrderSort2 (0ms)
			AwakeInstancesAfterBackupRestoration (13ms)
Platform modules already initialized, skipping
========================================================================
Worker process is ready to serve import requests
Launched and connected shader compiler UnityShaderCompiler.exe after 0.12 seconds
Refreshing native plugins compatible for Editor in 2.00 ms, found 3 plugins.
Preloading 0 native plugins for Editor in 0.00 ms.
Unloading 3372 Unused Serialized files (Serialized files now loaded: 0)
Unloading 31 unused Assets / (112.8 KB). Loaded Objects now: 3824.
Memory consumption went from 123.6 MB to 123.5 MB.
Total: 9.735700 ms (FindLiveObjects: 0.613000 ms CreateObjectMapping: 0.268200 ms MarkObjects: 8.057900 ms  DeleteObjects: 0.793500 ms)

AssetImportParameters requested are different than current active one (requested -> active):
  custom:video-decoder-ogg-theora: a1e56fd34408186e4bbccfd4996cb3dc -> 
  custom:container-muxer-webm: aa71ff27fc2769a1b78a27578f13a17b -> 
  custom:container-demuxer-webm: 4f35f7cbe854078d1ac9338744f61a02 -> 
  custom:video-encoder-webm-vp8: eb34c28f22e8b96e1ab97ce403110664 -> 
  custom:video-codec-MediaFoundation-h265: e54d7ab0439102e2317fc1e4b246158d -> 
  custom:audio-encoder-webm-vorbis: bf7c407c2cedff20999df2af8eb42d56 -> 
  custom:framework-win-MediaFoundation: 216162199b28c13a410421893ffa2e32 -> 
  custom:container-demuxer-ogg: 62fdf1f143b41e24485cea50d1cbac27 -> 
  custom:video-decoder-webm-vp8: 9c59270c3fd7afecdb556c50c9e8de78 -> 
  custom:audio-decoder-ogg-vorbis: bf7c407c2cedff20999df2af8eb42d56 -> 
========================================================================
Received Prepare
Registering precompiled user dll's ...
Registered in 0.050996 seconds.
Begin MonoManager ReloadAssembly
Symbol file LoadedFromMemory doesn't match image D:\yoyof\Documents\Git\2021-Winter-Project\MolePicker\Library\PackageCache\com.unity.visualscripting@1.7.6\Editor\VisualScripting.Core\Dependencies\YamlDotNet\Unity.VisualScripting.YamlDotNet.dll
Symbol file LoadedFromMemory doesn't match image D:\yoyof\Documents\Git\2021-Winter-Project\MolePicker\Library\PackageCache\com.unity.visualscripting@1.7.6\Editor\VisualScripting.Core\Dependencies\DotNetZip\Unity.VisualScripting.IonicZip.dll
Native extension for WindowsStandalone target not found
Refreshing native plugins compatible for Editor in 1.35 ms, found 3 plugins.
Preloading 0 native plugins for Editor in 0.00 ms.
Mono: successfully reloaded assembly
- Completed reload, in  1.936 seconds
Domain Reload Profiling:
	ReloadAssembly (1937ms)
		BeginReloadAssembly (298ms)
			ExecutionOrderSort (0ms)
			DisableScriptedObjects (12ms)
			BackupInstance (0ms)
			ReleaseScriptingObjects (0ms)
			CreateAndSetChildDomain (70ms)
		EndReloadAssembly (1404ms)
			LoadAssemblies (200ms)
			RebuildTransferFunctionScriptingTraits (0ms)
			SetupTypeCache (454ms)
			ReleaseScriptCaches (2ms)
			RebuildScriptCaches (73ms)
			SetupLoadedEditorAssemblies (594ms)
				LogAssemblyErrors (0ms)
				InitializePlatformSupportModulesInManaged (23ms)
				SetLoadedEditorAssemblies (1ms)
				RefreshPlugins (2ms)
				BeforeProcessingInitializeOnLoad (167ms)
				ProcessInitializeOnLoadAttributes (332ms)
				ProcessInitializeOnLoadMethodAttributes (41ms)
				AfterProcessingInitializeOnLoad (27ms)
				EditorAssembliesLoaded (0ms)
			ExecutionOrderSort2 (0ms)
			AwakeInstancesAfterBackupRestoration (11ms)
Platform modules already initialized, skipping
Refreshing native plugins compatible for Editor in 1.23 ms, found 3 plugins.
Preloading 0 native plugins for Editor in 0.00 ms.
Unloading 3354 Unused Serialized files (Serialized files now loaded: 0)
Unloading 26 unused Assets / (79.7 KB). Loaded Objects now: 3826.
Memory consumption went from 122.2 MB to 122.1 MB.
Total: 5.746600 ms (FindLiveObjects: 0.550500 ms CreateObjectMapping: 0.158400 ms MarkObjects: 4.863500 ms  DeleteObjects: 0.172200 ms)

AssetImportParameters requested are different than current active one (requested -> active):
  custom:video-decoder-ogg-theora: a1e56fd34408186e4bbccfd4996cb3dc -> 
  custom:container-muxer-webm: aa71ff27fc2769a1b78a27578f13a17b -> 
  custom:container-demuxer-webm: 4f35f7cbe854078d1ac9338744f61a02 -> 
  custom:video-encoder-webm-vp8: eb34c28f22e8b96e1ab97ce403110664 -> 
  custom:video-codec-MediaFoundation-h265: e54d7ab0439102e2317fc1e4b246158d -> 
  custom:audio-encoder-webm-vorbis: bf7c407c2cedff20999df2af8eb42d56 -> 
  custom:framework-win-MediaFoundation: 216162199b28c13a410421893ffa2e32 -> 
  custom:container-demuxer-ogg: 62fdf1f143b41e24485cea50d1cbac27 -> 
  custom:video-decoder-webm-vp8: 9c59270c3fd7afecdb556c50c9e8de78 -> 
  custom:audio-decoder-ogg-vorbis: bf7c407c2cedff20999df2af8eb42d56 -> 
========================================================================
Received Prepare
Registering precompiled user dll's ...
Registered in 0.045446 seconds.
Begin MonoManager ReloadAssembly
Symbol file LoadedFromMemory doesn't match image D:\yoyof\Documents\Git\2021-Winter-Project\MolePicker\Library\PackageCache\com.unity.visualscripting@1.7.6\Editor\VisualScripting.Core\Dependencies\YamlDotNet\Unity.VisualScripting.YamlDotNet.dll
Symbol file LoadedFromMemory doesn't match image D:\yoyof\Documents\Git\2021-Winter-Project\MolePicker\Library\PackageCache\com.unity.visualscripting@1.7.6\Editor\VisualScripting.Core\Dependencies\DotNetZip\Unity.VisualScripting.IonicZip.dll
Native extension for WindowsStandalone target not found
Refreshing native plugins compatible for Editor in 1.05 ms, found 3 plugins.
Preloading 0 native plugins for Editor in 0.00 ms.
Mono: successfully reloaded assembly
- Completed reload, in  1.911 seconds
Domain Reload Profiling:
	ReloadAssembly (1912ms)
		BeginReloadAssembly (294ms)
			ExecutionOrderSort (0ms)
			DisableScriptedObjects (11ms)
			BackupInstance (0ms)
			ReleaseScriptingObjects (0ms)
			CreateAndSetChildDomain (66ms)
		EndReloadAssembly (1387ms)
			LoadAssemblies (204ms)
			RebuildTransferFunctionScriptingTraits (0ms)
			SetupTypeCache (458ms)
			ReleaseScriptCaches (2ms)
			RebuildScriptCaches (71ms)
			SetupLoadedEditorAssemblies (588ms)
				LogAssemblyErrors (0ms)
				InitializePlatformSupportModulesInManaged (22ms)
				SetLoadedEditorAssemblies (1ms)
				RefreshPlugins (1ms)
				BeforeProcessingInitializeOnLoad (159ms)
				ProcessInitializeOnLoadAttributes (342ms)
				ProcessInitializeOnLoadMethodAttributes (37ms)
				AfterProcessingInitializeOnLoad (26ms)
				EditorAssembliesLoaded (0ms)
			ExecutionOrderSort2 (0ms)
			AwakeInstancesAfterBackupRestoration (10ms)
Platform modules already initialized, skipping
Refreshing native plugins compatible for Editor in 1.18 ms, found 3 plugins.
Preloading 0 native plugins for Editor in 0.00 ms.
Unloading 3354 Unused Serialized files (Serialized files now loaded: 0)
Unloading 26 unused Assets / (79.0 KB). Loaded Objects now: 3828.
Memory consumption went from 122.2 MB to 122.1 MB.
Total: 5.403000 ms (FindLiveObjects: 0.481000 ms CreateObjectMapping: 0.153100 ms MarkObjects: 4.588200 ms  DeleteObjects: 0.178700 ms)

AssetImportParameters requested are different than current active one (requested -> active):
  custom:video-decoder-ogg-theora: a1e56fd34408186e4bbccfd4996cb3dc -> 
  custom:container-muxer-webm: aa71ff27fc2769a1b78a27578f13a17b -> 
  custom:container-demuxer-webm: 4f35f7cbe854078d1ac9338744f61a02 -> 
  custom:video-encoder-webm-vp8: eb34c28f22e8b96e1ab97ce403110664 -> 
  custom:video-codec-MediaFoundation-h265: e54d7ab0439102e2317fc1e4b246158d -> 
  custom:audio-encoder-webm-vorbis: bf7c407c2cedff20999df2af8eb42d56 -> 
  custom:framework-win-MediaFoundation: 216162199b28c13a410421893ffa2e32 -> 
  custom:container-demuxer-ogg: 62fdf1f143b41e24485cea50d1cbac27 -> 
  custom:video-decoder-webm-vp8: 9c59270c3fd7afecdb556c50c9e8de78 -> 
  custom:audio-decoder-ogg-vorbis: bf7c407c2cedff20999df2af8eb42d56 -> 
========================================================================
Received Import Request.
  Time since last request: 883282.755073 seconds.
  path: Assets/Addons/QuarterView 3D Action BE5/Prefabs/Coin Silver.prefab
  artifactKey: Guid(99cca47ba8d60394e8b16b13b4054a38) Importer(815301076,1909f56bfc062723c751e8b465ee728b)
Start importing Assets/Addons/QuarterView 3D Action BE5/Prefabs/Coin Silver.prefab using Guid(99cca47ba8d60394e8b16b13b4054a38) Importer(815301076,1909f56bfc062723c751e8b465ee728b)  -> (artifact id: 'ef06a998116008642d606c04c3277e62') in 0.421122 seconds 
========================================================================
Received Import Request.
  Time since last request: 0.000056 seconds.
  path: Assets/Addons/QuarterView 3D Action BE5/Prefabs/Luna.prefab
  artifactKey: Guid(6f5cb1003ab50aa4b9bc26bc9ca47159) Importer(815301076,1909f56bfc062723c751e8b465ee728b)
Start importing Assets/Addons/QuarterView 3D Action BE5/Prefabs/Luna.prefab using Guid(6f5cb1003ab50aa4b9bc26bc9ca47159) Importer(815301076,1909f56bfc062723c751e8b465ee728b)  -> (artifact id: '7f0f86721ffe0c5ca00c9fdeb6ccf0e4') in 0.047564 seconds 
========================================================================
Received Import Request.
  Time since last request: 0.000056 seconds.
  path: Assets/Addons/QuarterView 3D Action BE5/Prefabs/Item Ammo.prefab
  artifactKey: Guid(1adf4771a2a84ef4eaaadba340ae7c77) Importer(815301076,1909f56bfc062723c751e8b465ee728b)
Start importing Assets/Addons/QuarterView 3D Action BE5/Prefabs/Item Ammo.prefab using Guid(1adf4771a2a84ef4eaaadba340ae7c77) Importer(815301076,1909f56bfc062723c751e8b465ee728b)  -> (artifact id: '76fc870a1047ed184332904d8b47d4d4') in 0.034709 seconds 
========================================================================
Received Import Request.
  Time since last request: 1.063007 seconds.
  path: Assets/Addons/QuarterView 3D Action BE5/Materials/Coin Silver.mat
  artifactKey: Guid(985dd20c386137b49b1edeb864f32d7f) Importer(815301076,1909f56bfc062723c751e8b465ee728b)
Start importing Assets/Addons/QuarterView 3D Action BE5/Materials/Coin Silver.mat using Guid(985dd20c386137b49b1edeb864f32d7f) Importer(815301076,1909f56bfc062723c751e8b465ee728b)  -> (artifact id: 'feb9f2e8861f7c0d5e9b760473e0ce7d') in 0.083988 seconds 
========================================================================
Received Import Request.
  Time since last request: 0.000034 seconds.
  path: Assets/Addons/QuarterView 3D Action BE5/Materials/Weapon Grenade Orbit.mat
  artifactKey: Guid(2a23167c0fe318144b05a634f6bcba86) Importer(815301076,1909f56bfc062723c751e8b465ee728b)
Start importing Assets/Addons/QuarterView 3D Action BE5/Materials/Weapon Grenade Orbit.mat using Guid(2a23167c0fe318144b05a634f6bcba86) Importer(815301076,1909f56bfc062723c751e8b465ee728b)  -> (artifact id: 'd1145d19a9fcb3b4589006e90457fa11') in 0.035843 seconds 
========================================================================
Received Import Request.
  Time since last request: 0.000069 seconds.
  path: Assets/Addons/QuarterView 3D Action BE5/Materials/Missile.mat
  artifactKey: Guid(b7f684c70702ad4498c01dd7a2ce0b3c) Importer(815301076,1909f56bfc062723c751e8b465ee728b)
Start importing Assets/Addons/QuarterView 3D Action BE5/Materials/Missile.mat using Guid(b7f684c70702ad4498c01dd7a2ce0b3c) Importer(815301076,1909f56bfc062723c751e8b465ee728b)  -> (artifact id: 'd636addd959107e5e3e30359adbd62e3') in 0.036713 seconds 
========================================================================
Received Import Request.
  Time since last request: 0.000417 seconds.
  path: Assets/Addons/QuarterView 3D Action BE5/Materials/Weapon Hand Gun.mat
  artifactKey: Guid(ecabd400f66febc408288170bcd623b0) Importer(815301076,1909f56bfc062723c751e8b465ee728b)
Start importing Assets/Addons/QuarterView 3D Action BE5/Materials/Weapon Hand Gun.mat using Guid(ecabd400f66febc408288170bcd623b0) Importer(815301076,1909f56bfc062723c751e8b465ee728b)  -> (artifact id: '9f922d45d4170ff863bdc4b516124e11') in 0.041981 seconds 
========================================================================
Received Import Request.
  Time since last request: 0.298005 seconds.
  path: Assets/Addons/QuarterView 3D Action BE5/Models/Item Grenade.obj
  artifactKey: Guid(16868d4a2ac5ce14591ac8b396599250) Importer(815301076,1909f56bfc062723c751e8b465ee728b)
Start importing Assets/Addons/QuarterView 3D Action BE5/Models/Item Grenade.obj using Guid(16868d4a2ac5ce14591ac8b396599250) Importer(815301076,1909f56bfc062723c751e8b465ee728b)  -> (artifact id: '7f15c884722bcdbe5b942dba4fe4268f') in 0.089516 seconds 
========================================================================
Received Import Request.
  Time since last request: 0.000051 seconds.
  path: Assets/Addons/QuarterView 3D Action BE5/Models/Simple Npc Ludo.fbx
  artifactKey: Guid(b2fe663db2d56e8438a4c5c392ab1f67) Importer(815301076,1909f56bfc062723c751e8b465ee728b)
Start importing Assets/Addons/QuarterView 3D Action BE5/Models/Simple Npc Ludo.fbx using Guid(b2fe663db2d56e8438a4c5c392ab1f67) Importer(815301076,1909f56bfc062723c751e8b465ee728b)  -> (artifact id: 'f3249935a0823bcdd91f5b3545259951') in 0.123382 seconds 
========================================================================
Received Import Request.
  Time since last request: 0.000056 seconds.
  path: Assets/Addons/QuarterView 3D Action BE5/Models/Simple Enemy C.fbx
  artifactKey: Guid(4bdf630ee339368429c99c5c922b08ca) Importer(815301076,1909f56bfc062723c751e8b465ee728b)
Start importing Assets/Addons/QuarterView 3D Action BE5/Models/Simple Enemy C.fbx using Guid(4bdf630ee339368429c99c5c922b08ca) Importer(815301076,1909f56bfc062723c751e8b465ee728b)  -> (artifact id: '33cfb23426b607452ef115d6e6eb2c96') in 0.083821 seconds 
========================================================================
Received Prepare
Registering precompiled user dll's ...
Registered in 0.043585 seconds.
Begin MonoManager ReloadAssembly
Symbol file LoadedFromMemory doesn't match image D:\yoyof\Documents\Git\2021-Winter-Project\MolePicker\Library\PackageCache\com.unity.visualscripting@1.7.6\Editor\VisualScripting.Core\Dependencies\YamlDotNet\Unity.VisualScripting.YamlDotNet.dll
Symbol file LoadedFromMemory doesn't match image D:\yoyof\Documents\Git\2021-Winter-Project\MolePicker\Library\PackageCache\com.unity.visualscripting@1.7.6\Editor\VisualScripting.Core\Dependencies\DotNetZip\Unity.VisualScripting.IonicZip.dll
Native extension for WindowsStandalone target not found
Refreshing native plugins compatible for Editor in 1.15 ms, found 3 plugins.
Preloading 0 native plugins for Editor in 0.00 ms.
Mono: successfully reloaded assembly
- Completed reload, in  1.884 seconds
Domain Reload Profiling:
	ReloadAssembly (1885ms)
		BeginReloadAssembly (262ms)
			ExecutionOrderSort (0ms)
			DisableScriptedObjects (7ms)
			BackupInstance (0ms)
			ReleaseScriptingObjects (0ms)
			CreateAndSetChildDomain (59ms)
		EndReloadAssembly (1394ms)
			LoadAssemblies (200ms)
			RebuildTransferFunctionScriptingTraits (0ms)
			SetupTypeCache (449ms)
			ReleaseScriptCaches (2ms)
			RebuildScriptCaches (79ms)
			SetupLoadedEditorAssemblies (595ms)
				LogAssemblyErrors (0ms)
				InitializePlatformSupportModulesInManaged (21ms)
				SetLoadedEditorAssemblies (1ms)
				RefreshPlugins (1ms)
				BeforeProcessingInitializeOnLoad (156ms)
				ProcessInitializeOnLoadAttributes (348ms)
				ProcessInitializeOnLoadMethodAttributes (41ms)
				AfterProcessingInitializeOnLoad (27ms)
				EditorAssembliesLoaded (0ms)
			ExecutionOrderSort2 (0ms)
			AwakeInstancesAfterBackupRestoration (10ms)
Platform modules already initialized, skipping
Refreshing native plugins compatible for Editor in 1.20 ms, found 3 plugins.
Preloading 0 native plugins for Editor in 0.00 ms.
Unloading 3354 Unused Serialized files (Serialized files now loaded: 0)
Unloading 26 unused Assets / (79.1 KB). Loaded Objects now: 3872.
Memory consumption went from 126.9 MB to 126.8 MB.
Total: 5.363000 ms (FindLiveObjects: 0.458200 ms CreateObjectMapping: 0.184300 ms MarkObjects: 4.555400 ms  DeleteObjects: 0.162900 ms)

AssetImportParameters requested are different than current active one (requested -> active):
  custom:video-decoder-ogg-theora: a1e56fd34408186e4bbccfd4996cb3dc -> 
  custom:container-muxer-webm: aa71ff27fc2769a1b78a27578f13a17b -> 
  custom:container-demuxer-webm: 4f35f7cbe854078d1ac9338744f61a02 -> 
  custom:video-encoder-webm-vp8: eb34c28f22e8b96e1ab97ce403110664 -> 
  custom:video-codec-MediaFoundation-h265: e54d7ab0439102e2317fc1e4b246158d -> 
  custom:audio-encoder-webm-vorbis: bf7c407c2cedff20999df2af8eb42d56 -> 
  custom:framework-win-MediaFoundation: 216162199b28c13a410421893ffa2e32 -> 
  custom:container-demuxer-ogg: 62fdf1f143b41e24485cea50d1cbac27 -> 
  custom:video-decoder-webm-vp8: 9c59270c3fd7afecdb556c50c9e8de78 -> 
  custom:audio-decoder-ogg-vorbis: bf7c407c2cedff20999df2af8eb42d56 -> 
========================================================================
Received Import Request.
  Time since last request: 20.087602 seconds.
  path: Assets/Addons/QuarterView 3D Action BE5/Textures/Coin Bronze.png
  artifactKey: Guid(3b1769091f98c304bb39610f0f6642c0) Importer(815301076,1909f56bfc062723c751e8b465ee728b)
Start importing Assets/Addons/QuarterView 3D Action BE5/Textures/Coin Bronze.png using Guid(3b1769091f98c304bb39610f0f6642c0) Importer(815301076,1909f56bfc062723c751e8b465ee728b)  -> (artifact id: 'fc79596ecf01a170213ec18f2a2caf26') in 0.118200 seconds 
========================================================================
Received Import Request.
  Time since last request: 0.000044 seconds.
  path: Assets/Addons/QuarterView 3D Action BE5/Textures/Luna.png
  artifactKey: Guid(b7b98188b70816845b50ec0b7bcaf1e2) Importer(815301076,1909f56bfc062723c751e8b465ee728b)
Start importing Assets/Addons/QuarterView 3D Action BE5/Textures/Luna.png using Guid(b7b98188b70816845b50ec0b7bcaf1e2) Importer(815301076,1909f56bfc062723c751e8b465ee728b)  -> (artifact id: 'd053c41cdfda8452ddb2b81555f623e0') in 0.025838 seconds 
========================================================================
Received Import Request.
  Time since last request: 0.000053 seconds.
  path: Assets/Addons/QuarterView 3D Action BE5/Textures/Enemy B.png
  artifactKey: Guid(5fc6913241246d54b98db1b106e19ee1) Importer(815301076,1909f56bfc062723c751e8b465ee728b)
Start importing Assets/Addons/QuarterView 3D Action BE5/Textures/Enemy B.png using Guid(5fc6913241246d54b98db1b106e19ee1) Importer(815301076,1909f56bfc062723c751e8b465ee728b)  -> (artifact id: '76354282999e34836468fd4ed264d64e') in 0.026027 seconds 
========================================================================
Received Import Request.
  Time since last request: 23.201415 seconds.
  path: Assets/Addons/QuarterView 3D Action BE5/Demo/Demo/Ac Ludo.overrideController
  artifactKey: Guid(e5ac3212b225d4f43a698aa45185735d) Importer(815301076,1909f56bfc062723c751e8b465ee728b)
Start importing Assets/Addons/QuarterView 3D Action BE5/Demo/Demo/Ac Ludo.overrideController using Guid(e5ac3212b225d4f43a698aa45185735d) Importer(815301076,1909f56bfc062723c751e8b465ee728b)  -> (artifact id: 'f4df5efe7ffbd6f80975ab4faeed5695') in 0.029815 seconds 
========================================================================
Received Import Request.
  Time since last request: 0.000035 seconds.
  path: Assets/Addons/QuarterView 3D Action BE5/Demo/Demo/LightingData.asset
  artifactKey: Guid(05df42316d133af4f9bd01f1ff94d84f) Importer(815301076,1909f56bfc062723c751e8b465ee728b)
Start importing Assets/Addons/QuarterView 3D Action BE5/Demo/Demo/LightingData.asset using Guid(05df42316d133af4f9bd01f1ff94d84f) Importer(815301076,1909f56bfc062723c751e8b465ee728b)  -> (artifact id: '3cca273c51894cddeb8d2997cde4456a') in 0.017960 seconds 
Editor requested this worker to shutdown with reason: Scaling down because of idle timeout
AssetImportWorker is now disconnected from the server
Process exiting
Exiting without the bug reporter. Application will terminate with return code 0