Using pre-set license
Built from '2021.2/staging' branch; Version is '2021.2.8f1 (d0e5f0a7b06a) revision 13690352'; Using compiler version '192829333'; Build Type 'Release'
OS: 'Windows 10  (10.0.19044) 64bit Professional' Language: 'ko' Physical Memory: 16333 MB
BatchMode: 1, IsHumanControllingUs: 0, StartBugReporterOnCrash: 0, Is64bit: 1, IsPro: 0

COMMAND LINE ARGUMENTS:
C:\Program Files\2021.2.8f1\Editor\Unity.exe
-adb2
-batchMode
-noUpm
-name
AssetImportWorker14
-projectPath
D:/yoyof/Documents/Git/2021-Winter-Project/MolePicker
-logFile
Logs/AssetImportWorker14.log
-srvPort
64218
Successfully changed project path to: D:/yoyof/Documents/Git/2021-Winter-Project/MolePicker
D:/yoyof/Documents/Git/2021-Winter-Project/MolePicker
[UnityMemory] Configuration Parameters - Can be set up in boot.config
    "memorysetup-bucket-allocator-granularity=16"
    "memorysetup-bucket-allocator-bucket-count=8"
    "memorysetup-bucket-allocator-block-size=33554432"
    "memorysetup-bucket-allocator-block-count=8"
    "memorysetup-main-allocator-block-size=16777216"
    "memorysetup-thread-allocator-block-size=16777216"
    "memorysetup-gfx-main-allocator-block-size=16777216"
    "memorysetup-gfx-thread-allocator-block-size=16777216"
    "memorysetup-cache-allocator-block-size=4194304"
    "memorysetup-typetree-allocator-block-size=2097152"
    "memorysetup-profiler-bucket-allocator-granularity=16"
    "memorysetup-profiler-bucket-allocator-bucket-count=8"
    "memorysetup-profiler-bucket-allocator-block-size=33554432"
    "memorysetup-profiler-bucket-allocator-block-count=8"
    "memorysetup-profiler-allocator-block-size=16777216"
    "memorysetup-profiler-editor-allocator-block-size=1048576"
    "memorysetup-temp-allocator-size-main=16777216"
    "memorysetup-job-temp-allocator-block-size=2097152"
    "memorysetup-job-temp-allocator-block-size-background=1048576"
    "memorysetup-job-temp-allocator-reduction-small-platforms=262144"
    "memorysetup-temp-allocator-size-background-worker=32768"
    "memorysetup-temp-allocator-size-job-worker=262144"
    "memorysetup-temp-allocator-size-preload-manager=33554432"
    "memorysetup-temp-allocator-size-nav-mesh-worker=65536"
    "memorysetup-temp-allocator-size-audio-worker=65536"
    "memorysetup-temp-allocator-size-cloud-worker=32768"
    "memorysetup-temp-allocator-size-gi-baking-worker=262144"
    "memorysetup-temp-allocator-size-gfx=262144"
Refreshing native plugins compatible for Editor in 123.16 ms, found 3 plugins.
Preloading 0 native plugins for Editor in 0.00 ms.
Initialize engine version: 2021.2.8f1 (d0e5f0a7b06a)
[Subsystems] Discovering subsystems at path C:/Program Files/2021.2.8f1/Editor/Data/Resources/UnitySubsystems
[Subsystems] Discovering subsystems at path D:/yoyof/Documents/Git/2021-Winter-Project/MolePicker/Assets
GfxDevice: creating device client; threaded=0; jobified=0
Direct3D:
    Version:  Direct3D 11.0 [level 11.1]
    Renderer: NVIDIA GeForce GTX 1660 SUPER (ID=0x21c4)
    Vendor:   NVIDIA
    VRAM:     5991 MB
    Driver:   27.21.14.6192
Initialize mono
Mono path[0] = 'C:/Program Files/2021.2.8f1/Editor/Data/Managed'
Mono path[1] = 'C:/Program Files/2021.2.8f1/Editor/Data/MonoBleedingEdge/lib/mono/unityjit-win32'
Mono config path = 'C:/Program Files/2021.2.8f1/Editor/Data/MonoBleedingEdge/etc'
Using monoOptions --debugger-agent=transport=dt_socket,embedding=1,server=y,suspend=n,address=127.0.0.1:56208
Begin MonoManager ReloadAssembly
Registering precompiled unity dll's ...
Register platform support module: C:/Program Files/2021.2.8f1/Editor/Data/PlaybackEngines/WindowsStandaloneSupport/UnityEditor.WindowsStandalone.Extensions.dll
Registered in 0.013661 seconds.
Native extension for WindowsStandalone target not found
Refreshing native plugins compatible for Editor in 121.40 ms, found 3 plugins.
Preloading 0 native plugins for Editor in 0.00 ms.
Mono: successfully reloaded assembly
- Completed reload, in  1.002 seconds
Domain Reload Profiling:
	ReloadAssembly (1003ms)
		BeginReloadAssembly (118ms)
			ExecutionOrderSort (0ms)
			DisableScriptedObjects (0ms)
			BackupInstance (0ms)
			ReleaseScriptingObjects (0ms)
			CreateAndSetChildDomain (1ms)
		EndReloadAssembly (734ms)
			LoadAssemblies (111ms)
			RebuildTransferFunctionScriptingTraits (0ms)
			SetupTypeCache (160ms)
			ReleaseScriptCaches (0ms)
			RebuildScriptCaches (46ms)
			SetupLoadedEditorAssemblies (429ms)
				LogAssemblyErrors (0ms)
				InitializePlatformSupportModulesInManaged (27ms)
				SetLoadedEditorAssemblies (0ms)
				RefreshPlugins (122ms)
				BeforeProcessingInitializeOnLoad (2ms)
				ProcessInitializeOnLoadAttributes (206ms)
				ProcessInitializeOnLoadMethodAttributes (73ms)
				AfterProcessingInitializeOnLoad (0ms)
				EditorAssembliesLoaded (0ms)
			ExecutionOrderSort2 (0ms)
			AwakeInstancesAfterBackupRestoration (0ms)
Platform modules already initialized, skipping
Registering precompiled user dll's ...
Registered in 0.033442 seconds.
Begin MonoManager ReloadAssembly
Symbol file LoadedFromMemory doesn't match image D:\yoyof\Documents\Git\2021-Winter-Project\MolePicker\Library\PackageCache\com.unity.visualscripting@1.7.6\Editor\VisualScripting.Core\Dependencies\YamlDotNet\Unity.VisualScripting.YamlDotNet.dll
Symbol file LoadedFromMemory doesn't match image D:\yoyof\Documents\Git\2021-Winter-Project\MolePicker\Library\PackageCache\com.unity.visualscripting@1.7.6\Editor\VisualScripting.Core\Dependencies\DotNetZip\Unity.VisualScripting.IonicZip.dll
Native extension for WindowsStandalone target not found
Refreshing native plugins compatible for Editor in 1.35 ms, found 3 plugins.
Preloading 0 native plugins for Editor in 0.00 ms.
Mono: successfully reloaded assembly
- Completed reload, in  2.146 seconds
Domain Reload Profiling:
	ReloadAssembly (2148ms)
		BeginReloadAssembly (236ms)
			ExecutionOrderSort (0ms)
			DisableScriptedObjects (12ms)
			BackupInstance (0ms)
			ReleaseScriptingObjects (0ms)
			CreateAndSetChildDomain (38ms)
		EndReloadAssembly (1676ms)
			LoadAssemblies (191ms)
			RebuildTransferFunctionScriptingTraits (0ms)
			SetupTypeCache (567ms)
			ReleaseScriptCaches (1ms)
			RebuildScriptCaches (99ms)
			SetupLoadedEditorAssemblies (731ms)
				LogAssemblyErrors (0ms)
				InitializePlatformSupportModulesInManaged (21ms)
				SetLoadedEditorAssemblies (1ms)
				RefreshPlugins (1ms)
				BeforeProcessingInitializeOnLoad (194ms)
				ProcessInitializeOnLoadAttributes (450ms)
				ProcessInitializeOnLoadMethodAttributes (38ms)
				AfterProcessingInitializeOnLoad (25ms)
				EditorAssembliesLoaded (0ms)
			ExecutionOrderSort2 (0ms)
			AwakeInstancesAfterBackupRestoration (9ms)
Platform modules already initialized, skipping
========================================================================
Worker process is ready to serve import requests
Launched and connected shader compiler UnityShaderCompiler.exe after 0.13 seconds
Refreshing native plugins compatible for Editor in 1.06 ms, found 3 plugins.
Preloading 0 native plugins for Editor in 0.00 ms.
Unloading 3372 Unused Serialized files (Serialized files now loaded: 0)
Unloading 31 unused Assets / (112.8 KB). Loaded Objects now: 3824.
Memory consumption went from 123.5 MB to 123.4 MB.
Total: 19.528100 ms (FindLiveObjects: 0.512900 ms CreateObjectMapping: 0.226500 ms MarkObjects: 18.562000 ms  DeleteObjects: 0.223600 ms)

AssetImportParameters requested are different than current active one (requested -> active):
  custom:video-decoder-ogg-theora: a1e56fd34408186e4bbccfd4996cb3dc -> 
  custom:container-muxer-webm: aa71ff27fc2769a1b78a27578f13a17b -> 
  custom:container-demuxer-webm: 4f35f7cbe854078d1ac9338744f61a02 -> 
  custom:video-encoder-webm-vp8: eb34c28f22e8b96e1ab97ce403110664 -> 
  custom:video-codec-MediaFoundation-h265: e54d7ab0439102e2317fc1e4b246158d -> 
  custom:audio-encoder-webm-vorbis: bf7c407c2cedff20999df2af8eb42d56 -> 
  custom:framework-win-MediaFoundation: 216162199b28c13a410421893ffa2e32 -> 
  custom:container-demuxer-ogg: 62fdf1f143b41e24485cea50d1cbac27 -> 
  custom:video-decoder-webm-vp8: 9c59270c3fd7afecdb556c50c9e8de78 -> 
  custom:audio-decoder-ogg-vorbis: bf7c407c2cedff20999df2af8eb42d56 -> 
========================================================================
Received Prepare
Registering precompiled user dll's ...
Registered in 0.048056 seconds.
Begin MonoManager ReloadAssembly
Symbol file LoadedFromMemory doesn't match image D:\yoyof\Documents\Git\2021-Winter-Project\MolePicker\Library\PackageCache\com.unity.visualscripting@1.7.6\Editor\VisualScripting.Core\Dependencies\YamlDotNet\Unity.VisualScripting.YamlDotNet.dll
Symbol file LoadedFromMemory doesn't match image D:\yoyof\Documents\Git\2021-Winter-Project\MolePicker\Library\PackageCache\com.unity.visualscripting@1.7.6\Editor\VisualScripting.Core\Dependencies\DotNetZip\Unity.VisualScripting.IonicZip.dll
Native extension for WindowsStandalone target not found
Refreshing native plugins compatible for Editor in 1.13 ms, found 3 plugins.
Preloading 0 native plugins for Editor in 0.00 ms.
Mono: successfully reloaded assembly
- Completed reload, in  1.961 seconds
Domain Reload Profiling:
	ReloadAssembly (1963ms)
		BeginReloadAssembly (291ms)
			ExecutionOrderSort (0ms)
			DisableScriptedObjects (10ms)
			BackupInstance (0ms)
			ReleaseScriptingObjects (0ms)
			CreateAndSetChildDomain (70ms)
		EndReloadAssembly (1419ms)
			LoadAssemblies (198ms)
			RebuildTransferFunctionScriptingTraits (0ms)
			SetupTypeCache (461ms)
			ReleaseScriptCaches (2ms)
			RebuildScriptCaches (66ms)
			SetupLoadedEditorAssemblies (600ms)
				LogAssemblyErrors (0ms)
				InitializePlatformSupportModulesInManaged (26ms)
				SetLoadedEditorAssemblies (1ms)
				RefreshPlugins (1ms)
				BeforeProcessingInitializeOnLoad (169ms)
				ProcessInitializeOnLoadAttributes (338ms)
				ProcessInitializeOnLoadMethodAttributes (39ms)
				AfterProcessingInitializeOnLoad (25ms)
				EditorAssembliesLoaded (0ms)
			ExecutionOrderSort2 (0ms)
			AwakeInstancesAfterBackupRestoration (12ms)
Platform modules already initialized, skipping
Refreshing native plugins compatible for Editor in 1.70 ms, found 3 plugins.
Preloading 0 native plugins for Editor in 0.00 ms.
Unloading 3354 Unused Serialized files (Serialized files now loaded: 0)
Unloading 26 unused Assets / (79.7 KB). Loaded Objects now: 3826.
Memory consumption went from 122.1 MB to 122.0 MB.
Total: 6.297700 ms (FindLiveObjects: 0.984700 ms CreateObjectMapping: 0.283400 ms MarkObjects: 4.878700 ms  DeleteObjects: 0.148400 ms)

AssetImportParameters requested are different than current active one (requested -> active):
  custom:video-decoder-ogg-theora: a1e56fd34408186e4bbccfd4996cb3dc -> 
  custom:container-muxer-webm: aa71ff27fc2769a1b78a27578f13a17b -> 
  custom:container-demuxer-webm: 4f35f7cbe854078d1ac9338744f61a02 -> 
  custom:video-encoder-webm-vp8: eb34c28f22e8b96e1ab97ce403110664 -> 
  custom:video-codec-MediaFoundation-h265: e54d7ab0439102e2317fc1e4b246158d -> 
  custom:audio-encoder-webm-vorbis: bf7c407c2cedff20999df2af8eb42d56 -> 
  custom:framework-win-MediaFoundation: 216162199b28c13a410421893ffa2e32 -> 
  custom:container-demuxer-ogg: 62fdf1f143b41e24485cea50d1cbac27 -> 
  custom:video-decoder-webm-vp8: 9c59270c3fd7afecdb556c50c9e8de78 -> 
  custom:audio-decoder-ogg-vorbis: bf7c407c2cedff20999df2af8eb42d56 -> 
========================================================================
Received Prepare
Registering precompiled user dll's ...
Registered in 0.046976 seconds.
Begin MonoManager ReloadAssembly
Symbol file LoadedFromMemory doesn't match image D:\yoyof\Documents\Git\2021-Winter-Project\MolePicker\Library\PackageCache\com.unity.visualscripting@1.7.6\Editor\VisualScripting.Core\Dependencies\YamlDotNet\Unity.VisualScripting.YamlDotNet.dll
Symbol file LoadedFromMemory doesn't match image D:\yoyof\Documents\Git\2021-Winter-Project\MolePicker\Library\PackageCache\com.unity.visualscripting@1.7.6\Editor\VisualScripting.Core\Dependencies\DotNetZip\Unity.VisualScripting.IonicZip.dll
Native extension for WindowsStandalone target not found
Refreshing native plugins compatible for Editor in 0.99 ms, found 3 plugins.
Preloading 0 native plugins for Editor in 0.00 ms.
Mono: successfully reloaded assembly
- Completed reload, in  1.883 seconds
Domain Reload Profiling:
	ReloadAssembly (1884ms)
		BeginReloadAssembly (279ms)
			ExecutionOrderSort (0ms)
			DisableScriptedObjects (11ms)
			BackupInstance (0ms)
			ReleaseScriptingObjects (0ms)
			CreateAndSetChildDomain (64ms)
		EndReloadAssembly (1376ms)
			LoadAssemblies (201ms)
			RebuildTransferFunctionScriptingTraits (0ms)
			SetupTypeCache (453ms)
			ReleaseScriptCaches (2ms)
			RebuildScriptCaches (70ms)
			SetupLoadedEditorAssemblies (585ms)
				LogAssemblyErrors (0ms)
				InitializePlatformSupportModulesInManaged (22ms)
				SetLoadedEditorAssemblies (1ms)
				RefreshPlugins (1ms)
				BeforeProcessingInitializeOnLoad (157ms)
				ProcessInitializeOnLoadAttributes (337ms)
				ProcessInitializeOnLoadMethodAttributes (40ms)
				AfterProcessingInitializeOnLoad (27ms)
				EditorAssembliesLoaded (0ms)
			ExecutionOrderSort2 (0ms)
			AwakeInstancesAfterBackupRestoration (11ms)
Platform modules already initialized, skipping
Refreshing native plugins compatible for Editor in 1.91 ms, found 3 plugins.
Preloading 0 native plugins for Editor in 0.00 ms.
Unloading 3354 Unused Serialized files (Serialized files now loaded: 0)
Unloading 26 unused Assets / (79.0 KB). Loaded Objects now: 3828.
Memory consumption went from 122.1 MB to 122.0 MB.
Total: 5.615100 ms (FindLiveObjects: 0.515800 ms CreateObjectMapping: 0.254900 ms MarkObjects: 4.692200 ms  DeleteObjects: 0.149900 ms)

AssetImportParameters requested are different than current active one (requested -> active):
  custom:video-decoder-ogg-theora: a1e56fd34408186e4bbccfd4996cb3dc -> 
  custom:container-muxer-webm: aa71ff27fc2769a1b78a27578f13a17b -> 
  custom:container-demuxer-webm: 4f35f7cbe854078d1ac9338744f61a02 -> 
  custom:video-encoder-webm-vp8: eb34c28f22e8b96e1ab97ce403110664 -> 
  custom:video-codec-MediaFoundation-h265: e54d7ab0439102e2317fc1e4b246158d -> 
  custom:audio-encoder-webm-vorbis: bf7c407c2cedff20999df2af8eb42d56 -> 
  custom:framework-win-MediaFoundation: 216162199b28c13a410421893ffa2e32 -> 
  custom:container-demuxer-ogg: 62fdf1f143b41e24485cea50d1cbac27 -> 
  custom:video-decoder-webm-vp8: 9c59270c3fd7afecdb556c50c9e8de78 -> 
  custom:audio-decoder-ogg-vorbis: bf7c407c2cedff20999df2af8eb42d56 -> 
========================================================================
Received Import Request.
  Time since last request: 883282.755929 seconds.
  path: Assets/Addons/QuarterView 3D Action BE5/Prefabs/Enemy A.prefab
  artifactKey: Guid(464cc7c4f7ea10b47a36d7848aa9ca9a) Importer(815301076,1909f56bfc062723c751e8b465ee728b)
Start importing Assets/Addons/QuarterView 3D Action BE5/Prefabs/Enemy A.prefab using Guid(464cc7c4f7ea10b47a36d7848aa9ca9a) Importer(815301076,1909f56bfc062723c751e8b465ee728b)  -> (artifact id: 'c782444b1f512e4f1ceb0fcb658479d3') in 0.288388 seconds 
========================================================================
Received Import Request.
  Time since last request: 0.000070 seconds.
  path: Assets/Addons/QuarterView 3D Action BE5/Prefabs/Weapon Hammer.prefab
  artifactKey: Guid(c2ec4bfd1a6491c49a0c34b8dc3a7639) Importer(815301076,1909f56bfc062723c751e8b465ee728b)
Start importing Assets/Addons/QuarterView 3D Action BE5/Prefabs/Weapon Hammer.prefab using Guid(c2ec4bfd1a6491c49a0c34b8dc3a7639) Importer(815301076,1909f56bfc062723c751e8b465ee728b)  -> (artifact id: '97bbed5b4320c4ca8266d6475a4f2a9c') in 0.061986 seconds 
========================================================================
Received Import Request.
  Time since last request: 0.000058 seconds.
  path: Assets/Addons/QuarterView 3D Action BE5/Prefabs/Enemy B.prefab
  artifactKey: Guid(4198e2587d1fcca4cb87c16c3cfed34d) Importer(815301076,1909f56bfc062723c751e8b465ee728b)
Start importing Assets/Addons/QuarterView 3D Action BE5/Prefabs/Enemy B.prefab using Guid(4198e2587d1fcca4cb87c16c3cfed34d) Importer(815301076,1909f56bfc062723c751e8b465ee728b)  -> (artifact id: 'dc67144434d041edb72fe74701e77d11') in 0.064368 seconds 
========================================================================
Received Import Request.
  Time since last request: 0.000043 seconds.
  path: Assets/Addons/QuarterView 3D Action BE5/Prefabs/Weapon HandGun.prefab
  artifactKey: Guid(a2e051660762cbe4494c17a095a95e10) Importer(815301076,1909f56bfc062723c751e8b465ee728b)
Start importing Assets/Addons/QuarterView 3D Action BE5/Prefabs/Weapon HandGun.prefab using Guid(a2e051660762cbe4494c17a095a95e10) Importer(815301076,1909f56bfc062723c751e8b465ee728b)  -> (artifact id: '213b32c5d018fa8d91683efb0bec9179') in 0.046735 seconds 
========================================================================
Received Import Request.
  Time since last request: 1.068916 seconds.
  path: Assets/Addons/QuarterView 3D Action BE5/Materials/Enemy A.mat
  artifactKey: Guid(0d17d5c2eb217944499e9ec56d818e63) Importer(815301076,1909f56bfc062723c751e8b465ee728b)
Start importing Assets/Addons/QuarterView 3D Action BE5/Materials/Enemy A.mat using Guid(0d17d5c2eb217944499e9ec56d818e63) Importer(815301076,1909f56bfc062723c751e8b465ee728b)  -> (artifact id: '05d2ba2136df0b660c480340ad24d512') in 0.085876 seconds 
========================================================================
Received Import Request.
  Time since last request: 0.000047 seconds.
  path: Assets/Addons/QuarterView 3D Action BE5/Materials/Weapon Hammer.mat
  artifactKey: Guid(0a00c064c0cc0844bbc3aea5c0fb0074) Importer(815301076,1909f56bfc062723c751e8b465ee728b)
Start importing Assets/Addons/QuarterView 3D Action BE5/Materials/Weapon Hammer.mat using Guid(0a00c064c0cc0844bbc3aea5c0fb0074) Importer(815301076,1909f56bfc062723c751e8b465ee728b)  -> (artifact id: 'cc769fbd95a45119fcc0b260de273fd5') in 0.063123 seconds 
========================================================================
Received Import Request.
  Time since last request: 0.000067 seconds.
  path: Assets/Addons/QuarterView 3D Action BE5/Materials/Enemy C.mat
  artifactKey: Guid(1dcf18599fec3384ab8214aa036c77d6) Importer(815301076,1909f56bfc062723c751e8b465ee728b)
Start importing Assets/Addons/QuarterView 3D Action BE5/Materials/Enemy C.mat using Guid(1dcf18599fec3384ab8214aa036c77d6) Importer(815301076,1909f56bfc062723c751e8b465ee728b)  -> (artifact id: '50b77cc217b4e34bb7a31bb66228c7d5') in 0.034165 seconds 
========================================================================
Received Import Request.
  Time since last request: 0.318656 seconds.
  path: Assets/Addons/QuarterView 3D Action BE5/Models/Item Hammer.obj
  artifactKey: Guid(c004007a28c1f534e859da99f6c890fb) Importer(815301076,1909f56bfc062723c751e8b465ee728b)
Start importing Assets/Addons/QuarterView 3D Action BE5/Models/Item Hammer.obj using Guid(c004007a28c1f534e859da99f6c890fb) Importer(815301076,1909f56bfc062723c751e8b465ee728b)  -> (artifact id: 'afdbc79b451887687fb372d9f7b84d58') in 0.094292 seconds 
========================================================================
Received Import Request.
  Time since last request: 0.000038 seconds.
  path: Assets/Addons/QuarterView 3D Action BE5/Models/Simple Enemy A AnimTest.fbx
  artifactKey: Guid(98a47f1cd28823f4b8ab7f52d3d506fb) Importer(815301076,1909f56bfc062723c751e8b465ee728b)
Start importing Assets/Addons/QuarterView 3D Action BE5/Models/Simple Enemy A AnimTest.fbx using Guid(98a47f1cd28823f4b8ab7f52d3d506fb) Importer(815301076,1909f56bfc062723c751e8b465ee728b)  -> (artifact id: '48edc4d2568e4ee5fff2bfa6ef6c02e9') in 0.116503 seconds 
========================================================================
Received Import Request.
  Time since last request: 0.000048 seconds.
  path: Assets/Addons/QuarterView 3D Action BE5/Models/Item Handgun.obj
  artifactKey: Guid(7d65416a0aa9b164c8b8ad5e8699ddc0) Importer(815301076,1909f56bfc062723c751e8b465ee728b)
Start importing Assets/Addons/QuarterView 3D Action BE5/Models/Item Handgun.obj using Guid(7d65416a0aa9b164c8b8ad5e8699ddc0) Importer(815301076,1909f56bfc062723c751e8b465ee728b)  -> (artifact id: 'cab98a355056af085a3df1d6cb712053') in 0.058531 seconds 
========================================================================
Received Prepare
Registering precompiled user dll's ...
Registered in 0.043114 seconds.
Begin MonoManager ReloadAssembly
Symbol file LoadedFromMemory doesn't match image D:\yoyof\Documents\Git\2021-Winter-Project\MolePicker\Library\PackageCache\com.unity.visualscripting@1.7.6\Editor\VisualScripting.Core\Dependencies\YamlDotNet\Unity.VisualScripting.YamlDotNet.dll
Symbol file LoadedFromMemory doesn't match image D:\yoyof\Documents\Git\2021-Winter-Project\MolePicker\Library\PackageCache\com.unity.visualscripting@1.7.6\Editor\VisualScripting.Core\Dependencies\DotNetZip\Unity.VisualScripting.IonicZip.dll
Native extension for WindowsStandalone target not found
Refreshing native plugins compatible for Editor in 1.13 ms, found 3 plugins.
Preloading 0 native plugins for Editor in 0.00 ms.
Mono: successfully reloaded assembly
- Completed reload, in  1.915 seconds
Domain Reload Profiling:
	ReloadAssembly (1916ms)
		BeginReloadAssembly (263ms)
			ExecutionOrderSort (0ms)
			DisableScriptedObjects (7ms)
			BackupInstance (0ms)
			ReleaseScriptingObjects (0ms)
			CreateAndSetChildDomain (59ms)
		EndReloadAssembly (1417ms)
			LoadAssemblies (193ms)
			RebuildTransferFunctionScriptingTraits (0ms)
			SetupTypeCache (461ms)
			ReleaseScriptCaches (3ms)
			RebuildScriptCaches (73ms)
			SetupLoadedEditorAssemblies (615ms)
				LogAssemblyErrors (0ms)
				InitializePlatformSupportModulesInManaged (23ms)
				SetLoadedEditorAssemblies (1ms)
				RefreshPlugins (1ms)
				BeforeProcessingInitializeOnLoad (164ms)
				ProcessInitializeOnLoadAttributes (358ms)
				ProcessInitializeOnLoadMethodAttributes (44ms)
				AfterProcessingInitializeOnLoad (24ms)
				EditorAssembliesLoaded (0ms)
			ExecutionOrderSort2 (0ms)
			AwakeInstancesAfterBackupRestoration (9ms)
Platform modules already initialized, skipping
Refreshing native plugins compatible for Editor in 3.28 ms, found 3 plugins.
Preloading 0 native plugins for Editor in 0.00 ms.
Unloading 3354 Unused Serialized files (Serialized files now loaded: 0)
Unloading 26 unused Assets / (79.1 KB). Loaded Objects now: 3872.
Memory consumption went from 126.9 MB to 126.8 MB.
Total: 7.400700 ms (FindLiveObjects: 0.489400 ms CreateObjectMapping: 0.249800 ms MarkObjects: 6.252300 ms  DeleteObjects: 0.407300 ms)

AssetImportParameters requested are different than current active one (requested -> active):
  custom:video-decoder-ogg-theora: a1e56fd34408186e4bbccfd4996cb3dc -> 
  custom:container-muxer-webm: aa71ff27fc2769a1b78a27578f13a17b -> 
  custom:container-demuxer-webm: 4f35f7cbe854078d1ac9338744f61a02 -> 
  custom:video-encoder-webm-vp8: eb34c28f22e8b96e1ab97ce403110664 -> 
  custom:video-codec-MediaFoundation-h265: e54d7ab0439102e2317fc1e4b246158d -> 
  custom:audio-encoder-webm-vorbis: bf7c407c2cedff20999df2af8eb42d56 -> 
  custom:framework-win-MediaFoundation: 216162199b28c13a410421893ffa2e32 -> 
  custom:container-demuxer-ogg: 62fdf1f143b41e24485cea50d1cbac27 -> 
  custom:video-decoder-webm-vp8: 9c59270c3fd7afecdb556c50c9e8de78 -> 
  custom:audio-decoder-ogg-vorbis: bf7c407c2cedff20999df2af8eb42d56 -> 
========================================================================
Received Import Request.
  Time since last request: 20.113242 seconds.
  path: Assets/Addons/QuarterView 3D Action BE5/Textures/Coin Gold.png
  artifactKey: Guid(843ec11e575c45148be9468dd4e00a8c) Importer(815301076,1909f56bfc062723c751e8b465ee728b)
Start importing Assets/Addons/QuarterView 3D Action BE5/Textures/Coin Gold.png using Guid(843ec11e575c45148be9468dd4e00a8c) Importer(815301076,1909f56bfc062723c751e8b465ee728b)  -> (artifact id: '12a68daff4ed015dbb2e83b2686d47f4') in 0.128519 seconds 
========================================================================
Received Import Request.
  Time since last request: 0.000036 seconds.
  path: Assets/Addons/QuarterView 3D Action BE5/Textures/Ludo.png
  artifactKey: Guid(6b7da79ebbb98c44fbcaeca8e457a966) Importer(815301076,1909f56bfc062723c751e8b465ee728b)
Start importing Assets/Addons/QuarterView 3D Action BE5/Textures/Ludo.png using Guid(6b7da79ebbb98c44fbcaeca8e457a966) Importer(815301076,1909f56bfc062723c751e8b465ee728b)  -> (artifact id: '685d91a661e9ce3797a2a8f1cb18e55f') in 0.055384 seconds 
========================================================================
Received Import Request.
  Time since last request: 23.221625 seconds.
  path: Assets/Addons/QuarterView 3D Action BE5/Demo/Demo/Ac Luna.overrideController
  artifactKey: Guid(0c1be902f058be04dbb1732da08d51f2) Importer(815301076,1909f56bfc062723c751e8b465ee728b)
Start importing Assets/Addons/QuarterView 3D Action BE5/Demo/Demo/Ac Luna.overrideController using Guid(0c1be902f058be04dbb1732da08d51f2) Importer(815301076,1909f56bfc062723c751e8b465ee728b)  -> (artifact id: '4dba001c92b6b2d6a561b2887ce5737a') in 0.033535 seconds 
Editor requested this worker to shutdown with reason: Scaling down because of idle timeout
AssetImportWorker is now disconnected from the server
Process exiting
Exiting without the bug reporter. Application will terminate with return code 0