Using pre-set license
Built from '2021.2/staging' branch; Version is '2021.2.8f1 (d0e5f0a7b06a) revision 13690352'; Using compiler version '192829333'; Build Type 'Release'
OS: 'Windows 10  (10.0.19044) 64bit Professional' Language: 'ko' Physical Memory: 16333 MB
BatchMode: 1, IsHumanControllingUs: 0, StartBugReporterOnCrash: 0, Is64bit: 1, IsPro: 0

COMMAND LINE ARGUMENTS:
C:\Program Files\2021.2.8f1\Editor\Unity.exe
-adb2
-batchMode
-noUpm
-name
AssetImportWorker22
-projectPath
D:/yoyof/Documents/Git/2021-Winter-Project/MolePicker
-logFile
Logs/AssetImportWorker22.log
-srvPort
64218
Successfully changed project path to: D:/yoyof/Documents/Git/2021-Winter-Project/MolePicker
D:/yoyof/Documents/Git/2021-Winter-Project/MolePicker
[UnityMemory] Configuration Parameters - Can be set up in boot.config
    "memorysetup-bucket-allocator-granularity=16"
    "memorysetup-bucket-allocator-bucket-count=8"
    "memorysetup-bucket-allocator-block-size=33554432"
    "memorysetup-bucket-allocator-block-count=8"
    "memorysetup-main-allocator-block-size=16777216"
    "memorysetup-thread-allocator-block-size=16777216"
    "memorysetup-gfx-main-allocator-block-size=16777216"
    "memorysetup-gfx-thread-allocator-block-size=16777216"
    "memorysetup-cache-allocator-block-size=4194304"
    "memorysetup-typetree-allocator-block-size=2097152"
    "memorysetup-profiler-bucket-allocator-granularity=16"
    "memorysetup-profiler-bucket-allocator-bucket-count=8"
    "memorysetup-profiler-bucket-allocator-block-size=33554432"
    "memorysetup-profiler-bucket-allocator-block-count=8"
    "memorysetup-profiler-allocator-block-size=16777216"
    "memorysetup-profiler-editor-allocator-block-size=1048576"
    "memorysetup-temp-allocator-size-main=16777216"
    "memorysetup-job-temp-allocator-block-size=2097152"
    "memorysetup-job-temp-allocator-block-size-background=1048576"
    "memorysetup-job-temp-allocator-reduction-small-platforms=262144"
    "memorysetup-temp-allocator-size-background-worker=32768"
    "memorysetup-temp-allocator-size-job-worker=262144"
    "memorysetup-temp-allocator-size-preload-manager=33554432"
    "memorysetup-temp-allocator-size-nav-mesh-worker=65536"
    "memorysetup-temp-allocator-size-audio-worker=65536"
    "memorysetup-temp-allocator-size-cloud-worker=32768"
    "memorysetup-temp-allocator-size-gi-baking-worker=262144"
    "memorysetup-temp-allocator-size-gfx=262144"
Refreshing native plugins compatible for Editor in 123.45 ms, found 3 plugins.
Preloading 0 native plugins for Editor in 0.00 ms.
Initialize engine version: 2021.2.8f1 (d0e5f0a7b06a)
[Subsystems] Discovering subsystems at path C:/Program Files/2021.2.8f1/Editor/Data/Resources/UnitySubsystems
[Subsystems] Discovering subsystems at path D:/yoyof/Documents/Git/2021-Winter-Project/MolePicker/Assets
GfxDevice: creating device client; threaded=0; jobified=0
Direct3D:
    Version:  Direct3D 11.0 [level 11.1]
    Renderer: NVIDIA GeForce GTX 1660 SUPER (ID=0x21c4)
    Vendor:   NVIDIA
    VRAM:     5991 MB
    Driver:   27.21.14.6192
Initialize mono
Mono path[0] = 'C:/Program Files/2021.2.8f1/Editor/Data/Managed'
Mono path[1] = 'C:/Program Files/2021.2.8f1/Editor/Data/MonoBleedingEdge/lib/mono/unityjit-win32'
Mono config path = 'C:/Program Files/2021.2.8f1/Editor/Data/MonoBleedingEdge/etc'
Using monoOptions --debugger-agent=transport=dt_socket,embedding=1,server=y,suspend=n,address=127.0.0.1:56020
Begin MonoManager ReloadAssembly
Registering precompiled unity dll's ...
Register platform support module: C:/Program Files/2021.2.8f1/Editor/Data/PlaybackEngines/WindowsStandaloneSupport/UnityEditor.WindowsStandalone.Extensions.dll
Registered in 0.010271 seconds.
Native extension for WindowsStandalone target not found
Refreshing native plugins compatible for Editor in 124.39 ms, found 3 plugins.
Preloading 0 native plugins for Editor in 0.00 ms.
Mono: successfully reloaded assembly
- Completed reload, in  0.904 seconds
Domain Reload Profiling:
	ReloadAssembly (905ms)
		BeginReloadAssembly (116ms)
			ExecutionOrderSort (0ms)
			DisableScriptedObjects (0ms)
			BackupInstance (0ms)
			ReleaseScriptingObjects (0ms)
			CreateAndSetChildDomain (1ms)
		EndReloadAssembly (662ms)
			LoadAssemblies (105ms)
			RebuildTransferFunctionScriptingTraits (0ms)
			SetupTypeCache (138ms)
			ReleaseScriptCaches (0ms)
			RebuildScriptCaches (34ms)
			SetupLoadedEditorAssemblies (406ms)
				LogAssemblyErrors (0ms)
				InitializePlatformSupportModulesInManaged (20ms)
				SetLoadedEditorAssemblies (0ms)
				RefreshPlugins (125ms)
				BeforeProcessingInitializeOnLoad (2ms)
				ProcessInitializeOnLoadAttributes (182ms)
				ProcessInitializeOnLoadMethodAttributes (76ms)
				AfterProcessingInitializeOnLoad (0ms)
				EditorAssembliesLoaded (0ms)
			ExecutionOrderSort2 (0ms)
			AwakeInstancesAfterBackupRestoration (0ms)
Platform modules already initialized, skipping
Registering precompiled user dll's ...
Registered in 0.039324 seconds.
Begin MonoManager ReloadAssembly
Symbol file LoadedFromMemory doesn't match image D:\yoyof\Documents\Git\2021-Winter-Project\MolePicker\Library\PackageCache\com.unity.visualscripting@1.7.6\Editor\VisualScripting.Core\Dependencies\YamlDotNet\Unity.VisualScripting.YamlDotNet.dll
Symbol file LoadedFromMemory doesn't match image D:\yoyof\Documents\Git\2021-Winter-Project\MolePicker\Library\PackageCache\com.unity.visualscripting@1.7.6\Editor\VisualScripting.Core\Dependencies\DotNetZip\Unity.VisualScripting.IonicZip.dll
Native extension for WindowsStandalone target not found
Refreshing native plugins compatible for Editor in 0.74 ms, found 3 plugins.
Preloading 0 native plugins for Editor in 0.00 ms.
Mono: successfully reloaded assembly
- Completed reload, in  1.422 seconds
Domain Reload Profiling:
	ReloadAssembly (1423ms)
		BeginReloadAssembly (162ms)
			ExecutionOrderSort (0ms)
			DisableScriptedObjects (9ms)
			BackupInstance (0ms)
			ReleaseScriptingObjects (0ms)
			CreateAndSetChildDomain (23ms)
		EndReloadAssembly (1094ms)
			LoadAssemblies (138ms)
			RebuildTransferFunctionScriptingTraits (0ms)
			SetupTypeCache (323ms)
			ReleaseScriptCaches (1ms)
			RebuildScriptCaches (69ms)
			SetupLoadedEditorAssemblies (502ms)
				LogAssemblyErrors (0ms)
				InitializePlatformSupportModulesInManaged (16ms)
				SetLoadedEditorAssemblies (1ms)
				RefreshPlugins (1ms)
				BeforeProcessingInitializeOnLoad (134ms)
				ProcessInitializeOnLoadAttributes (300ms)
				ProcessInitializeOnLoadMethodAttributes (32ms)
				AfterProcessingInitializeOnLoad (18ms)
				EditorAssembliesLoaded (0ms)
			ExecutionOrderSort2 (0ms)
			AwakeInstancesAfterBackupRestoration (8ms)
Platform modules already initialized, skipping
========================================================================
Worker process is ready to serve import requests
Launched and connected shader compiler UnityShaderCompiler.exe after 0.09 seconds
Refreshing native plugins compatible for Editor in 0.84 ms, found 3 plugins.
Preloading 0 native plugins for Editor in 0.00 ms.
Unloading 3376 Unused Serialized files (Serialized files now loaded: 0)
Unloading 31 unused Assets / (112.8 KB). Loaded Objects now: 3828.
Memory consumption went from 123.6 MB to 123.5 MB.
Total: 4.094600 ms (FindLiveObjects: 0.375200 ms CreateObjectMapping: 0.103800 ms MarkObjects: 3.487200 ms  DeleteObjects: 0.126800 ms)

AssetImportParameters requested are different than current active one (requested -> active):
  custom:video-decoder-ogg-theora: a1e56fd34408186e4bbccfd4996cb3dc -> 
  custom:container-muxer-webm: aa71ff27fc2769a1b78a27578f13a17b -> 
  custom:container-demuxer-webm: 4f35f7cbe854078d1ac9338744f61a02 -> 
  custom:video-encoder-webm-vp8: eb34c28f22e8b96e1ab97ce403110664 -> 
  custom:video-codec-MediaFoundation-h265: e54d7ab0439102e2317fc1e4b246158d -> 
  custom:audio-encoder-webm-vorbis: bf7c407c2cedff20999df2af8eb42d56 -> 
  custom:framework-win-MediaFoundation: 216162199b28c13a410421893ffa2e32 -> 
  custom:container-demuxer-ogg: 62fdf1f143b41e24485cea50d1cbac27 -> 
  custom:video-decoder-webm-vp8: 9c59270c3fd7afecdb556c50c9e8de78 -> 
  custom:audio-decoder-ogg-vorbis: bf7c407c2cedff20999df2af8eb42d56 -> 
========================================================================
Received Import Request.
  Time since last request: 896614.113790 seconds.
  path: Assets/Resources/MoleHole.prefab
  artifactKey: Guid(2321c6fb3fa439e4f9a81b285eb01855) Importer(815301076,1909f56bfc062723c751e8b465ee728b)
Start importing Assets/Resources/MoleHole.prefab using Guid(2321c6fb3fa439e4f9a81b285eb01855) Importer(815301076,1909f56bfc062723c751e8b465ee728b)  -> (artifact id: 'a964378165dbf8a820fb8a3f9955e4e1') in 0.193599 seconds 
========================================================================
Received Import Request.
  Time since last request: 7.576118 seconds.
  path: Assets/Resources/MoleHole.prefab
  artifactKey: Guid(2321c6fb3fa439e4f9a81b285eb01855) Importer(815301076,1909f56bfc062723c751e8b465ee728b)
Start importing Assets/Resources/MoleHole.prefab using Guid(2321c6fb3fa439e4f9a81b285eb01855) Importer(815301076,1909f56bfc062723c751e8b465ee728b)  -> (artifact id: '78a4630e6331915658869eaea732ede3') in 0.132927 seconds 
========================================================================
Received Import Request.
  Time since last request: 4.819235 seconds.
  path: Assets/Resources/MoleHole.prefab
  artifactKey: Guid(2321c6fb3fa439e4f9a81b285eb01855) Importer(815301076,1909f56bfc062723c751e8b465ee728b)
Start importing Assets/Resources/MoleHole.prefab using Guid(2321c6fb3fa439e4f9a81b285eb01855) Importer(815301076,1909f56bfc062723c751e8b465ee728b)  -> (artifact id: '06bee2756bfd369443bff6911f950609') in 0.038974 seconds 
========================================================================
Received Import Request.
  Time since last request: 1.599423 seconds.
  path: Assets/Resources/MoleHole.prefab
  artifactKey: Guid(2321c6fb3fa439e4f9a81b285eb01855) Importer(815301076,1909f56bfc062723c751e8b465ee728b)
Start importing Assets/Resources/MoleHole.prefab using Guid(2321c6fb3fa439e4f9a81b285eb01855) Importer(815301076,1909f56bfc062723c751e8b465ee728b)  -> (artifact id: 'b6cb4ad0357a337ba7dad18fbcfaf7ed') in 0.037042 seconds 
========================================================================
Received Import Request.
  Time since last request: 4.219766 seconds.
  path: Assets/Addons/Nollie Inward Game Assets/Realistic_shovel/Art/Materials/Plane.mat
  artifactKey: Guid(5f7f1104e7abf384e92772866c5151a9) Importer(815301076,1909f56bfc062723c751e8b465ee728b)
Start importing Assets/Addons/Nollie Inward Game Assets/Realistic_shovel/Art/Materials/Plane.mat using Guid(5f7f1104e7abf384e92772866c5151a9) Importer(815301076,1909f56bfc062723c751e8b465ee728b)  -> (artifact id: 'f428323c2e202c9fc72f0c1b69197b91') in 0.058295 seconds 
========================================================================
Received Import Request.
  Time since last request: 0.832883 seconds.
  path: Assets/Addons/Adventure_Character/Materials/Stand.mat
  artifactKey: Guid(6cc77a6303488d84aadaf60ef4023104) Importer(815301076,1909f56bfc062723c751e8b465ee728b)
Start importing Assets/Addons/Adventure_Character/Materials/Stand.mat using Guid(6cc77a6303488d84aadaf60ef4023104) Importer(815301076,1909f56bfc062723c751e8b465ee728b)  -> (artifact id: 'cc31e48a6c597749b75bd38f71ecc882') in 0.016689 seconds 
========================================================================
Received Import Request.
  Time since last request: 0.167312 seconds.
  path: Assets/Addons/Mg3D_TilingTextures/Materials/Tiles_Terracotta_Blue_MAT.mat
  artifactKey: Guid(0129c052468e0164dbf5098728687f39) Importer(815301076,1909f56bfc062723c751e8b465ee728b)
Start importing Assets/Addons/Mg3D_TilingTextures/Materials/Tiles_Terracotta_Blue_MAT.mat using Guid(0129c052468e0164dbf5098728687f39) Importer(815301076,1909f56bfc062723c751e8b465ee728b)  -> (artifact id: 'ca7dd641ecdca64393c7cf2e9e34a528') in 0.639016 seconds 
========================================================================
Received Import Request.
  Time since last request: 30.162912 seconds.
  path: Assets/Materials/Dirt_MoleHole.mat
  artifactKey: Guid(d27efc6d990458a46abf8ee742cbd5c4) Importer(815301076,1909f56bfc062723c751e8b465ee728b)
Start importing Assets/Materials/Dirt_MoleHole.mat using Guid(d27efc6d990458a46abf8ee742cbd5c4) Importer(815301076,1909f56bfc062723c751e8b465ee728b)  -> (artifact id: '0d1fe1a952f4c52c48e72a7594f64297') in 0.223000 seconds 
========================================================================
Received Import Request.
  Time since last request: 32.565853 seconds.
  path: Assets/Scenes/SceneGameOld.unity
  artifactKey: Guid(bd41bfbc5ec410441bc0fecb1a425d14) Importer(815301076,1909f56bfc062723c751e8b465ee728b)
Start importing Assets/Scenes/SceneGameOld.unity using Guid(bd41bfbc5ec410441bc0fecb1a425d14) Importer(815301076,1909f56bfc062723c751e8b465ee728b)  -> (artifact id: 'afa3e7d88a3a16c0b7361506674f1327') in 0.006264 seconds 
========================================================================
Received Import Request.
  Time since last request: 36.876479 seconds.
  path: Assets/Resources/World.prefab
  artifactKey: Guid(8380e0f6a68222e41a5e2fcdccaf42fb) Importer(815301076,1909f56bfc062723c751e8b465ee728b)
Start importing Assets/Resources/World.prefab using Guid(8380e0f6a68222e41a5e2fcdccaf42fb) Importer(815301076,1909f56bfc062723c751e8b465ee728b)  -> (artifact id: '8423a59c98ef9dc1083c6ab043e16c16') in 0.079035 seconds 
========================================================================
Received Import Request.
  Time since last request: 46.905732 seconds.
  path: Assets/Resources/World.prefab
  artifactKey: Guid(8380e0f6a68222e41a5e2fcdccaf42fb) Importer(815301076,1909f56bfc062723c751e8b465ee728b)
Start importing Assets/Resources/World.prefab using Guid(8380e0f6a68222e41a5e2fcdccaf42fb) Importer(815301076,1909f56bfc062723c751e8b465ee728b)  -> (artifact id: 'a9ed0bced2f052ff5fb2a9ed3ffd2bac') in 0.079555 seconds 
